Added Component: Designator=C1(CAP_C_1608X80)
Added Component: Designator=C2(CAP_C_3225X80)
Added Component: Designator=C3(CAP_C_1005X50_L)
Added Component: Designator=C4(CAP_C_1005X50_L)
Added Component: Designator=C5(CAP_C_3225X80)
Added Component: Designator=C6(CAP_C_2012X110)
Added Component: Designator=C7(CAP_C_3225X80)
Added Component: Designator=C8(CAP_C_3225X80)
Added Component: Designator=C9(CAP_C_1608X80)
Added Component: Designator=C10(CAP_C_1608X80)
Added Component: Designator=C11(CAP_C_1608X80)
Added Component: Designator=C12(CAP_C_1608X80)
Added Component: Designator=C13(CAP_C_1608X80)
Added Component: Designator=C14(CAP_C_1608X80)
Added Component: Designator=C15(CAP_C_1608X80)
Added Component: Designator=C16(CAP_C_1608X80)
Added Component: Designator=C17(CAP_C_1608X80)
Added Component: Designator=C18(CAP_C_1608X80)
Added Component: Designator=C19(CAP_C_1608X80)
Added Component: Designator=C20(CAP_C_1608X80)
Added Component: Designator=C21(CAP_C_1608X80)
Added Component: Designator=C22(CAP_C_1608X80)
Added Component: Designator=C23(CAP_C_1608X80)
Added Component: Designator=C24(CAP_C_1608X80)
Added Component: Designator=C25(CAP_C_1608X80)
Added Component: Designator=C26(CAP_C_1608X80)
Added Component: Designator=C27(CAP_C_1608X80)
Added Component: Designator=C28(CAP_C_1608X80)
Added Component: Designator=C29(CAP_C_1608X80)
Added Component: Designator=C30(CAP_C_1608X80)
Added Component: Designator=C31(CAP_C_1608X80)
Added Component: Designator=C32(CAP_C_1608X80)
Added Component: Designator=C33(CAP_C_1608X80)
Added Component: Designator=C34(CAP_C_1608X80)
Added Component: Designator=C35(CAP_C_1608X80)
Added Component: Designator=C36(CAP_C_1608X80)
Added Component: Designator=C37(CAP_C_1608X80)
Added Component: Designator=C38(CAP_C_1608X80)
Added Component: Designator=C39(CAP_C_1608X80)
Added Component: Designator=C40(CAP_C_1608X80)
Added Component: Designator=C41(CAP_C_1608X80)
Added Component: Designator=C42(CAP_C_1608X80)
Added Component: Designator=C43(CAP_C_1608X80)
Added Component: Designator=C44(CAP_C_1608X80)
Added Component: Designator=C45(CAP_C_1608X80)
Added Component: Designator=C46(CAP_C_1608X80)
Added Component: Designator=C47(CAP_C_1608X80)
Added Component: Designator=C48(CAP_C_1608X80)
Added Component: Designator=C49(CAP_C_1608X80)
Added Component: Designator=C50(CAP_C_1608X80)
Added Component: Designator=C51(CAP_C_1608X80)
Added Component: Designator=C52(CAP_C_1608X80)
Added Component: Designator=C53(CAP_C_1608X80)
Added Component: Designator=C54(CAP_C_1608X80)
Added Component: Designator=C55(CAP_C_1608X80)
Added Component: Designator=C56(CAP_C_1608X80)
Added Component: Designator=D2(LED_0603)
Added Component: Designator=D3(LED_0603)
Added Component: Designator=D4(SOT23-3-132)
Added Component: Designator=D5(SOT23-3-132)
Added Component: Designator=D6(SOT23-3-132)
Added Component: Designator=D7(SOT23-3-132)
Added Component: Designator=D8(SOT23-3-132)
Added Component: Designator=D9(SOT23-3-132)
Added Component: Designator=D10(SOD23)
Add component (AddParameter): Name = "Code - JEDEC"; Value = "DO-214-AB"; VariantName = "[No Variations]"
Add component (AddParameter): Name = "Published"; Value = "8-Jun-2000"; VariantName = "[No Variations]"
Add component (AddParameter): Name = "Publisher"; Value = "Altium Limited"; VariantName = "[No Variations]"
Add component (AddParameter): Name = "Revision"; Value = "July-2002: Re-released for DXP Platform."; VariantName = "[No Variations]"
Add component (AddParameter): Name = "Value"; Value = "1N5007"; VariantName = "[No Variations]"
Added Component: Designator=D11(SOD23)
Add component (AddParameter): Name = "Code - JEDEC"; Value = "DO-214-AB"; VariantName = "[No Variations]"
Add component (AddParameter): Name = "Published"; Value = "8-Jun-2000"; VariantName = "[No Variations]"
Add component (AddParameter): Name = "Publisher"; Value = "Altium Limited"; VariantName = "[No Variations]"
Add component (AddParameter): Name = "Revision"; Value = "July-2002: Re-released for DXP Platform."; VariantName = "[No Variations]"
Add component (AddParameter): Name = "Value"; Value = "1N5007"; VariantName = "[No Variations]"
Added Component: Designator=D12(SOD23)
Add component (AddParameter): Name = "Code - JEDEC"; Value = "DO-214-AB"; VariantName = "[No Variations]"
Add component (AddParameter): Name = "Published"; Value = "8-Jun-2000"; VariantName = "[No Variations]"
Add component (AddParameter): Name = "Publisher"; Value = "Altium Limited"; VariantName = "[No Variations]"
Add component (AddParameter): Name = "Revision"; Value = "July-2002: Re-released for DXP Platform."; VariantName = "[No Variations]"
Add component (AddParameter): Name = "Value"; Value = "1N5007"; VariantName = "[No Variations]"
Added Component: Designator=D13(SOD23)
Add component (AddParameter): Name = "Code - JEDEC"; Value = "DO-214-AB"; VariantName = "[No Variations]"
Add component (AddParameter): Name = "Published"; Value = "8-Jun-2000"; VariantName = "[No Variations]"
Add component (AddParameter): Name = "Publisher"; Value = "Altium Limited"; VariantName = "[No Variations]"
Add component (AddParameter): Name = "Revision"; Value = "July-2002: Re-released for DXP Platform."; VariantName = "[No Variations]"
Add component (AddParameter): Name = "Value"; Value = "1N5007"; VariantName = "[No Variations]"
Added Component: Designator=D14(SOD23)
Add component (AddParameter): Name = "Code - JEDEC"; Value = "DO-214-AB"; VariantName = "[No Variations]"
Add component (AddParameter): Name = "Published"; Value = "8-Jun-2000"; VariantName = "[No Variations]"
Add component (AddParameter): Name = "Publisher"; Value = "Altium Limited"; VariantName = "[No Variations]"
Add component (AddParameter): Name = "Revision"; Value = "July-2002: Re-released for DXP Platform."; VariantName = "[No Variations]"
Add component (AddParameter): Name = "Value"; Value = "1N5007"; VariantName = "[No Variations]"
Added Component: Designator=D15(SOD23)
Add component (AddParameter): Name = "Code - JEDEC"; Value = "DO-214-AB"; VariantName = "[No Variations]"
Add component (AddParameter): Name = "Published"; Value = "8-Jun-2000"; VariantName = "[No Variations]"
Add component (AddParameter): Name = "Publisher"; Value = "Altium Limited"; VariantName = "[No Variations]"
Add component (AddParameter): Name = "Revision"; Value = "July-2002: Re-released for DXP Platform."; VariantName = "[No Variations]"
Add component (AddParameter): Name = "Value"; Value = "1N5007"; VariantName = "[No Variations]"
Added Component: Designator=D16(SOD23)
Add component (AddParameter): Name = "Code - JEDEC"; Value = "DO-214-AB"; VariantName = "[No Variations]"
Add component (AddParameter): Name = "Published"; Value = "8-Jun-2000"; VariantName = "[No Variations]"
Add component (AddParameter): Name = "Publisher"; Value = "Altium Limited"; VariantName = "[No Variations]"
Add component (AddParameter): Name = "Revision"; Value = "July-2002: Re-released for DXP Platform."; VariantName = "[No Variations]"
Add component (AddParameter): Name = "Value"; Value = "1N5007"; VariantName = "[No Variations]"
Added Component: Designator=D17(SOD23)
Add component (AddParameter): Name = "Code - JEDEC"; Value = "DO-214-AB"; VariantName = "[No Variations]"
Add component (AddParameter): Name = "Published"; Value = "8-Jun-2000"; VariantName = "[No Variations]"
Add component (AddParameter): Name = "Publisher"; Value = "Altium Limited"; VariantName = "[No Variations]"
Add component (AddParameter): Name = "Revision"; Value = "July-2002: Re-released for DXP Platform."; VariantName = "[No Variations]"
Add component (AddParameter): Name = "Value"; Value = "1N5007"; VariantName = "[No Variations]"
Added Component: Designator=D18(SOD23)
Add component (AddParameter): Name = "Code - JEDEC"; Value = "DO-214-AB"; VariantName = "[No Variations]"
Add component (AddParameter): Name = "Published"; Value = "8-Jun-2000"; VariantName = "[No Variations]"
Add component (AddParameter): Name = "Publisher"; Value = "Altium Limited"; VariantName = "[No Variations]"
Add component (AddParameter): Name = "Revision"; Value = "July-2002: Re-released for DXP Platform."; VariantName = "[No Variations]"
Add component (AddParameter): Name = "Value"; Value = "1N5007"; VariantName = "[No Variations]"
Added Component: Designator=D19(SOD23)
Add component (AddParameter): Name = "Code - JEDEC"; Value = "DO-214-AB"; VariantName = "[No Variations]"
Add component (AddParameter): Name = "Published"; Value = "8-Jun-2000"; VariantName = "[No Variations]"
Add component (AddParameter): Name = "Publisher"; Value = "Altium Limited"; VariantName = "[No Variations]"
Add component (AddParameter): Name = "Revision"; Value = "July-2002: Re-released for DXP Platform."; VariantName = "[No Variations]"
Add component (AddParameter): Name = "Value"; Value = "1N5007"; VariantName = "[No Variations]"
Added Component: Designator=D20(SOD23)
Add component (AddParameter): Name = "Code - JEDEC"; Value = "DO-214-AB"; VariantName = "[No Variations]"
Add component (AddParameter): Name = "Published"; Value = "8-Jun-2000"; VariantName = "[No Variations]"
Add component (AddParameter): Name = "Publisher"; Value = "Altium Limited"; VariantName = "[No Variations]"
Add component (AddParameter): Name = "Revision"; Value = "July-2002: Re-released for DXP Platform."; VariantName = "[No Variations]"
Add component (AddParameter): Name = "Value"; Value = "1N5007"; VariantName = "[No Variations]"
Added Component: Designator=D21(SOD23)
Add component (AddParameter): Name = "Code - JEDEC"; Value = "DO-214-AB"; VariantName = "[No Variations]"
Add component (AddParameter): Name = "Published"; Value = "8-Jun-2000"; VariantName = "[No Variations]"
Add component (AddParameter): Name = "Publisher"; Value = "Altium Limited"; VariantName = "[No Variations]"
Add component (AddParameter): Name = "Revision"; Value = "July-2002: Re-released for DXP Platform."; VariantName = "[No Variations]"
Add component (AddParameter): Name = "Value"; Value = "1N5007"; VariantName = "[No Variations]"
Added Component: Designator=D22(SOD23)
Add component (AddParameter): Name = "Code - JEDEC"; Value = "DO-214-AB"; VariantName = "[No Variations]"
Add component (AddParameter): Name = "Published"; Value = "8-Jun-2000"; VariantName = "[No Variations]"
Add component (AddParameter): Name = "Publisher"; Value = "Altium Limited"; VariantName = "[No Variations]"
Add component (AddParameter): Name = "Revision"; Value = "July-2002: Re-released for DXP Platform."; VariantName = "[No Variations]"
Add component (AddParameter): Name = "Value"; Value = "1N5007"; VariantName = "[No Variations]"
Added Component: Designator=D23(SOD23)
Add component (AddParameter): Name = "Code - JEDEC"; Value = "DO-214-AB"; VariantName = "[No Variations]"
Add component (AddParameter): Name = "Published"; Value = "8-Jun-2000"; VariantName = "[No Variations]"
Add component (AddParameter): Name = "Publisher"; Value = "Altium Limited"; VariantName = "[No Variations]"
Add component (AddParameter): Name = "Revision"; Value = "July-2002: Re-released for DXP Platform."; VariantName = "[No Variations]"
Add component (AddParameter): Name = "Value"; Value = "1N5007"; VariantName = "[No Variations]"
Added Component: Designator=D24(SOD23)
Add component (AddParameter): Name = "Code - JEDEC"; Value = "DO-214-AB"; VariantName = "[No Variations]"
Add component (AddParameter): Name = "Published"; Value = "8-Jun-2000"; VariantName = "[No Variations]"
Add component (AddParameter): Name = "Publisher"; Value = "Altium Limited"; VariantName = "[No Variations]"
Add component (AddParameter): Name = "Revision"; Value = "July-2002: Re-released for DXP Platform."; VariantName = "[No Variations]"
Add component (AddParameter): Name = "Value"; Value = "1N5007"; VariantName = "[No Variations]"
Added Component: Designator=D25(SOD23)
Add component (AddParameter): Name = "Code - JEDEC"; Value = "DO-214-AB"; VariantName = "[No Variations]"
Add component (AddParameter): Name = "Published"; Value = "8-Jun-2000"; VariantName = "[No Variations]"
Add component (AddParameter): Name = "Publisher"; Value = "Altium Limited"; VariantName = "[No Variations]"
Add component (AddParameter): Name = "Revision"; Value = "July-2002: Re-released for DXP Platform."; VariantName = "[No Variations]"
Add component (AddParameter): Name = "Value"; Value = "1N5007"; VariantName = "[No Variations]"
Added Component: Designator=D26(SOD23)
Add component (AddParameter): Name = "Code - JEDEC"; Value = "DO-214-AB"; VariantName = "[No Variations]"
Add component (AddParameter): Name = "Published"; Value = "8-Jun-2000"; VariantName = "[No Variations]"
Add component (AddParameter): Name = "Publisher"; Value = "Altium Limited"; VariantName = "[No Variations]"
Add component (AddParameter): Name = "Revision"; Value = "July-2002: Re-released for DXP Platform."; VariantName = "[No Variations]"
Add component (AddParameter): Name = "Value"; Value = "1N5007"; VariantName = "[No Variations]"
Added Component: Designator=D27(SOD23)
Add component (AddParameter): Name = "Code - JEDEC"; Value = "DO-214-AB"; VariantName = "[No Variations]"
Add component (AddParameter): Name = "Published"; Value = "8-Jun-2000"; VariantName = "[No Variations]"
Add component (AddParameter): Name = "Publisher"; Value = "Altium Limited"; VariantName = "[No Variations]"
Add component (AddParameter): Name = "Revision"; Value = "July-2002: Re-released for DXP Platform."; VariantName = "[No Variations]"
Add component (AddParameter): Name = "Value"; Value = "1N5007"; VariantName = "[No Variations]"
Added Component: Designator=D28(SOD23)
Add component (AddParameter): Name = "Code - JEDEC"; Value = "DO-214-AB"; VariantName = "[No Variations]"
Add component (AddParameter): Name = "Published"; Value = "8-Jun-2000"; VariantName = "[No Variations]"
Add component (AddParameter): Name = "Publisher"; Value = "Altium Limited"; VariantName = "[No Variations]"
Add component (AddParameter): Name = "Revision"; Value = "July-2002: Re-released for DXP Platform."; VariantName = "[No Variations]"
Add component (AddParameter): Name = "Value"; Value = "1N5007"; VariantName = "[No Variations]"
Added Component: Designator=D29(SOD23)
Add component (AddParameter): Name = "Code - JEDEC"; Value = "DO-214-AB"; VariantName = "[No Variations]"
Add component (AddParameter): Name = "Published"; Value = "8-Jun-2000"; VariantName = "[No Variations]"
Add component (AddParameter): Name = "Publisher"; Value = "Altium Limited"; VariantName = "[No Variations]"
Add component (AddParameter): Name = "Revision"; Value = "July-2002: Re-released for DXP Platform."; VariantName = "[No Variations]"
Add component (AddParameter): Name = "Value"; Value = "1N5007"; VariantName = "[No Variations]"
Added Component: Designator=D30(SOD23)
Add component (AddParameter): Name = "Code - JEDEC"; Value = "DO-214-AB"; VariantName = "[No Variations]"
Add component (AddParameter): Name = "Published"; Value = "8-Jun-2000"; VariantName = "[No Variations]"
Add component (AddParameter): Name = "Publisher"; Value = "Altium Limited"; VariantName = "[No Variations]"
Add component (AddParameter): Name = "Revision"; Value = "July-2002: Re-released for DXP Platform."; VariantName = "[No Variations]"
Add component (AddParameter): Name = "Value"; Value = "1N5007"; VariantName = "[No Variations]"
Added Component: Designator=D31(SOD23)
Add component (AddParameter): Name = "Code - JEDEC"; Value = "DO-214-AB"; VariantName = "[No Variations]"
Add component (AddParameter): Name = "Published"; Value = "8-Jun-2000"; VariantName = "[No Variations]"
Add component (AddParameter): Name = "Publisher"; Value = "Altium Limited"; VariantName = "[No Variations]"
Add component (AddParameter): Name = "Revision"; Value = "July-2002: Re-released for DXP Platform."; VariantName = "[No Variations]"
Add component (AddParameter): Name = "Value"; Value = "1N5007"; VariantName = "[No Variations]"
Added Component: Designator=D32(SOD23)
Add component (AddParameter): Name = "Code - JEDEC"; Value = "DO-214-AB"; VariantName = "[No Variations]"
Add component (AddParameter): Name = "Published"; Value = "8-Jun-2000"; VariantName = "[No Variations]"
Add component (AddParameter): Name = "Publisher"; Value = "Altium Limited"; VariantName = "[No Variations]"
Add component (AddParameter): Name = "Revision"; Value = "July-2002: Re-released for DXP Platform."; VariantName = "[No Variations]"
Add component (AddParameter): Name = "Value"; Value = "1N5007"; VariantName = "[No Variations]"
Added Component: Designator=D33(SOD23)
Add component (AddParameter): Name = "Code - JEDEC"; Value = "DO-214-AB"; VariantName = "[No Variations]"
Add component (AddParameter): Name = "Published"; Value = "8-Jun-2000"; VariantName = "[No Variations]"
Add component (AddParameter): Name = "Publisher"; Value = "Altium Limited"; VariantName = "[No Variations]"
Add component (AddParameter): Name = "Revision"; Value = "July-2002: Re-released for DXP Platform."; VariantName = "[No Variations]"
Add component (AddParameter): Name = "Value"; Value = "1N5007"; VariantName = "[No Variations]"
Added Component: Designator=D34(SOT23-3-132)
Added Component: Designator=D35(SOT23-3-132)
Added Component: Designator=D36(SOD23)
Add component (AddParameter): Name = "Code - JEDEC"; Value = "DO-214-AB"; VariantName = "[No Variations]"
Add component (AddParameter): Name = "Published"; Value = "8-Jun-2000"; VariantName = "[No Variations]"
Add component (AddParameter): Name = "Publisher"; Value = "Altium Limited"; VariantName = "[No Variations]"
Add component (AddParameter): Name = "Revision"; Value = "July-2002: Re-released for DXP Platform."; VariantName = "[No Variations]"
Add component (AddParameter): Name = "Value"; Value = "1N5007"; VariantName = "[No Variations]"
Added Component: Designator=D37(SOD23)
Add component (AddParameter): Name = "Code - JEDEC"; Value = "DO-214-AB"; VariantName = "[No Variations]"
Add component (AddParameter): Name = "Published"; Value = "8-Jun-2000"; VariantName = "[No Variations]"
Add component (AddParameter): Name = "Publisher"; Value = "Altium Limited"; VariantName = "[No Variations]"
Add component (AddParameter): Name = "Revision"; Value = "July-2002: Re-released for DXP Platform."; VariantName = "[No Variations]"
Add component (AddParameter): Name = "Value"; Value = "1N5007"; VariantName = "[No Variations]"
Added Component: Designator=D38(SOD23)
Add component (AddParameter): Name = "Code - JEDEC"; Value = "DO-214-AB"; VariantName = "[No Variations]"
Add component (AddParameter): Name = "Published"; Value = "8-Jun-2000"; VariantName = "[No Variations]"
Add component (AddParameter): Name = "Publisher"; Value = "Altium Limited"; VariantName = "[No Variations]"
Add component (AddParameter): Name = "Revision"; Value = "July-2002: Re-released for DXP Platform."; VariantName = "[No Variations]"
Add component (AddParameter): Name = "Value"; Value = "1N5007"; VariantName = "[No Variations]"
Added Component: Designator=D39(SOD23)
Add component (AddParameter): Name = "Code - JEDEC"; Value = "DO-214-AB"; VariantName = "[No Variations]"
Add component (AddParameter): Name = "Published"; Value = "8-Jun-2000"; VariantName = "[No Variations]"
Add component (AddParameter): Name = "Publisher"; Value = "Altium Limited"; VariantName = "[No Variations]"
Add component (AddParameter): Name = "Revision"; Value = "July-2002: Re-released for DXP Platform."; VariantName = "[No Variations]"
Add component (AddParameter): Name = "Value"; Value = "1N5007"; VariantName = "[No Variations]"
Added Component: Designator=D40(SOD23)
Add component (AddParameter): Name = "Code - JEDEC"; Value = "DO-214-AB"; VariantName = "[No Variations]"
Add component (AddParameter): Name = "Published"; Value = "8-Jun-2000"; VariantName = "[No Variations]"
Add component (AddParameter): Name = "Publisher"; Value = "Altium Limited"; VariantName = "[No Variations]"
Add component (AddParameter): Name = "Revision"; Value = "July-2002: Re-released for DXP Platform."; VariantName = "[No Variations]"
Add component (AddParameter): Name = "Value"; Value = "1N5007"; VariantName = "[No Variations]"
Added Component: Designator=D41(SOD23)
Add component (AddParameter): Name = "Code - JEDEC"; Value = "DO-214-AB"; VariantName = "[No Variations]"
Add component (AddParameter): Name = "Published"; Value = "8-Jun-2000"; VariantName = "[No Variations]"
Add component (AddParameter): Name = "Publisher"; Value = "Altium Limited"; VariantName = "[No Variations]"
Add component (AddParameter): Name = "Revision"; Value = "July-2002: Re-released for DXP Platform."; VariantName = "[No Variations]"
Add component (AddParameter): Name = "Value"; Value = "1N5007"; VariantName = "[No Variations]"
Added Component: Designator=D42(SOD23)
Add component (AddParameter): Name = "Code - JEDEC"; Value = "DO-214-AB"; VariantName = "[No Variations]"
Add component (AddParameter): Name = "Published"; Value = "8-Jun-2000"; VariantName = "[No Variations]"
Add component (AddParameter): Name = "Publisher"; Value = "Altium Limited"; VariantName = "[No Variations]"
Add component (AddParameter): Name = "Revision"; Value = "July-2002: Re-released for DXP Platform."; VariantName = "[No Variations]"
Add component (AddParameter): Name = "Value"; Value = "1N5007"; VariantName = "[No Variations]"
Added Component: Designator=D43(SOD23)
Add component (AddParameter): Name = "Code - JEDEC"; Value = "DO-214-AB"; VariantName = "[No Variations]"
Add component (AddParameter): Name = "Published"; Value = "8-Jun-2000"; VariantName = "[No Variations]"
Add component (AddParameter): Name = "Publisher"; Value = "Altium Limited"; VariantName = "[No Variations]"
Add component (AddParameter): Name = "Revision"; Value = "July-2002: Re-released for DXP Platform."; VariantName = "[No Variations]"
Add component (AddParameter): Name = "Value"; Value = "1N5007"; VariantName = "[No Variations]"
Added Component: Designator=FB1(IND_C_1608X60)
Added Component: Designator=H1(M3)
Added Component: Designator=H2(M3)
Added Component: Designator=H3(M3)
Added Component: Designator=H4(M3)
Added Component: Designator=H5(M3)
Added Component: Designator=H6(M3)
Added Component: Designator=H7(M3)
Added Component: Designator=H8(M3)
Added Component: Designator=H9(M3)
Added Component: Designator=J2(MOLEX_0532611171)
Add component (AddParameter): Name = "Copyright"; Value = "Copyright (C) 2025 Ultra Librarian. All rights reserved."; VariantName = "[No Variations]"
Add component (AddParameter): Name = "Datasheet"; Value = "https://www.molex.com/en-us/products/part-detail-pdf/532611171?display=pdf"; VariantName = "[No Variations]"
Add component (AddParameter): Name = "Manufacturer_Name"; Value = "Molex Connector Corporation"; VariantName = "[No Variations]"
Add component (AddParameter): Name = "Manufacturer_Part_Number"; Value = "532611171"; VariantName = "[No Variations]"
Add component (AddParameter): Name = "RefDes"; Value = "RefDes"; VariantName = "[No Variations]"
Add component (AddParameter): Name = "Type"; Value = "Type"; VariantName = "[No Variations]"
Added Component: Designator=J3(MOLEX_0532610871)
Add component (AddParameter): Name = "Copyright"; Value = "Copyright (C) 2025 Ultra Librarian. All rights reserved."; VariantName = "[No Variations]"
Add component (AddParameter): Name = "Datasheet"; Value = "https://www.molex.com/en-us/products/part-detail-pdf/532610871?display=pdf"; VariantName = "[No Variations]"
Add component (AddParameter): Name = "Manufacturer_Name"; Value = "Molex Connector Corporation"; VariantName = "[No Variations]"
Add component (AddParameter): Name = "Manufacturer_Part_Number"; Value = "532610871"; VariantName = "[No Variations]"
Add component (AddParameter): Name = "RefDes"; Value = "RefDes"; VariantName = "[No Variations]"
Add component (AddParameter): Name = "Type"; Value = "Type"; VariantName = "[No Variations]"
Added Component: Designator=L1(PSM6050)
Added Component: Designator=LD1(LASER_SOCKET)
Added Component: Designator=LD2(LASER_SOCKET)
Added Component: Designator=LD3(LASER_SOCKET)
Added Component: Designator=LD4(LASER_SOCKET)
Added Component: Designator=LD5(LASER_SOCKET)
Added Component: Designator=LD6(LASER_SOCKET)
Added Component: Designator=LD7(LASER_SOCKET)
Added Component: Designator=LD8(LASER_SOCKET)
Added Component: Designator=LD9(LASER_SOCKET)
Added Component: Designator=LD10(LASER_SOCKET)
Added Component: Designator=LD11(LASER_SOCKET)
Added Component: Designator=LD12(LASER_SOCKET)
Added Component: Designator=LD13(LASER_SOCKET)
Added Component: Designator=LD14(LASER_SOCKET)
Added Component: Designator=LD15(LASER_SOCKET)
Added Component: Designator=LD16(LASER_SOCKET)
Added Component: Designator=LD17(LASER_SOCKET)
Added Component: Designator=LD18(LASER_SOCKET)
Added Component: Designator=LD19(LASER_SOCKET)
Added Component: Designator=LD20(LASER_SOCKET)
Added Component: Designator=LD21(LASER_SOCKET)
Added Component: Designator=LD22(LASER_SOCKET)
Added Component: Designator=LD23(LASER_SOCKET)
Added Component: Designator=LD24(LASER_SOCKET)
Added Component: Designator=LD25(LASER)
Added Component: Designator=LD26(LASER)
Added Component: Designator=LD27(LASER)
Added Component: Designator=LD28(LASER)
Added Component: Designator=LD29(LASER)
Added Component: Designator=LD30(LASER)
Added Component: Designator=LD31(LASER)
Added Component: Designator=LD32(LASER)
Added Component: Designator=Q1(SOT23-3-132)
Added Component: Designator=Q2(SOT23-3-132)
Added Component: Designator=Q3(SOT23-3-132)
Added Component: Designator=Q4(SOT23-3-132)
Added Component: Designator=R1(RES_C_1005X40)
Added Component: Designator=R2(RES_C_1005X40)
Added Component: Designator=R3(RES_SMD_0603_SHUNT)
Added Component: Designator=R4(RES_C_1005X40)
Added Component: Designator=R5(RES_C_1005X40)
Added Component: Designator=R6(RES_C_1608X60)
Added Component: Designator=R7(RES_C_1608X60)
Added Component: Designator=R8(RES_C_1608X60)
Added Component: Designator=R9(RES_C_1608X60)
Added Component: Designator=R10(RES_C_1608X60)
Added Component: Designator=R11(RES_C_1608X60)
Added Component: Designator=R12(RES_C_1608X60)
Added Component: Designator=R13(RES_C_1608X60)
Added Component: Designator=R14(RES_C_1608X60)
Added Component: Designator=R15(RES_C_1608X60)
Added Component: Designator=R16(RES_C_1608X60)
Added Component: Designator=R17(RES_C_1608X60)
Added Component: Designator=R18(RES_C_1608X60)
Added Component: Designator=R19(RES_C_1608X60)
Added Component: Designator=R20(RES_C_1608X60)
Added Component: Designator=R21(RES_SMD_0603_SHUNT)
Added Component: Designator=R22(RES_C_1608X60)
Added Component: Designator=R23(RES_C_1608X60)
Added Component: Designator=R24(RES_C_1608X60)
Added Component: Designator=R25(RES_C_1608X60)
Added Component: Designator=R26(RES_C_1608X60)
Added Component: Designator=R27(RES_C_1608X60)
Added Component: Designator=R28(RES_C_1608X60)
Added Component: Designator=R29(RES_C_1608X60)
Added Component: Designator=R30(RES_C_1608X60)
Added Component: Designator=R31(RES_C_1608X60)
Added Component: Designator=R32(RES_C_1608X60)
Added Component: Designator=R33(RES_C_1608X60)
Added Component: Designator=R34(RES_C_1608X60)
Added Component: Designator=R35(RES_C_1608X60)
Added Component: Designator=R36(RES_C_1608X60)
Added Component: Designator=R37(RES_C_1608X60)
Added Component: Designator=R38(RES_C_1608X60)
Added Component: Designator=R39(RES_C_1608X60)
Added Component: Designator=R40(RES_C_1608X60)
Added Component: Designator=R41(RES_C_1608X60)
Added Component: Designator=R42(RES_C_1608X60)
Added Component: Designator=R43(RES_C_1608X60)
Added Component: Designator=R44(RES_C_1608X60)
Added Component: Designator=TP1(Testpoint_50)
Add component (AddParameter): Name = "Category"; Value = ""; VariantName = "[No Variations]"
Add component (AddParameter): Name = "CompanyID"; Value = ""; VariantName = "[No Variations]"
Add component (AddParameter): Name = "MFR"; Value = ""; VariantName = "[No Variations]"
Add component (AddParameter): Name = "MFR_URL"; Value = ""; VariantName = "[No Variations]"
Add component (AddParameter): Name = "MPN"; Value = ""; VariantName = "[No Variations]"
Add component (AddParameter): Name = "PinCount"; Value = ""; VariantName = "[No Variations]"
Add component (AddParameter): Name = "Solder"; Value = "NF"; VariantName = "[No Variations]"
Add component (AddParameter): Name = "Value"; Value = ""; VariantName = "[No Variations]"
Added Component: Designator=TP2(Testpoint_50)
Add component (AddParameter): Name = "Category"; Value = ""; VariantName = "[No Variations]"
Add component (AddParameter): Name = "CompanyID"; Value = ""; VariantName = "[No Variations]"
Add component (AddParameter): Name = "MFR"; Value = ""; VariantName = "[No Variations]"
Add component (AddParameter): Name = "MFR_URL"; Value = ""; VariantName = "[No Variations]"
Add component (AddParameter): Name = "MPN"; Value = ""; VariantName = "[No Variations]"
Add component (AddParameter): Name = "PinCount"; Value = ""; VariantName = "[No Variations]"
Add component (AddParameter): Name = "Solder"; Value = "NF"; VariantName = "[No Variations]"
Add component (AddParameter): Name = "Value"; Value = ""; VariantName = "[No Variations]"
Added Component: Designator=TP3(Testpoint_50)
Add component (AddParameter): Name = "Category"; Value = ""; VariantName = "[No Variations]"
Add component (AddParameter): Name = "CompanyID"; Value = ""; VariantName = "[No Variations]"
Add component (AddParameter): Name = "MFR"; Value = ""; VariantName = "[No Variations]"
Add component (AddParameter): Name = "MFR_URL"; Value = ""; VariantName = "[No Variations]"
Add component (AddParameter): Name = "MPN"; Value = ""; VariantName = "[No Variations]"
Add component (AddParameter): Name = "PinCount"; Value = ""; VariantName = "[No Variations]"
Add component (AddParameter): Name = "Solder"; Value = "NF"; VariantName = "[No Variations]"
Add component (AddParameter): Name = "Value"; Value = ""; VariantName = "[No Variations]"
Added Component: Designator=TP4(Testpoint_50)
Add component (AddParameter): Name = "Category"; Value = ""; VariantName = "[No Variations]"
Add component (AddParameter): Name = "CompanyID"; Value = ""; VariantName = "[No Variations]"
Add component (AddParameter): Name = "MFR"; Value = ""; VariantName = "[No Variations]"
Add component (AddParameter): Name = "MFR_URL"; Value = ""; VariantName = "[No Variations]"
Add component (AddParameter): Name = "MPN"; Value = ""; VariantName = "[No Variations]"
Add component (AddParameter): Name = "PinCount"; Value = ""; VariantName = "[No Variations]"
Add component (AddParameter): Name = "Solder"; Value = "NF"; VariantName = "[No Variations]"
Add component (AddParameter): Name = "Value"; Value = ""; VariantName = "[No Variations]"
Added Component: Designator=TP5(Testpoint_50)
Add component (AddParameter): Name = "Category"; Value = ""; VariantName = "[No Variations]"
Add component (AddParameter): Name = "CompanyID"; Value = ""; VariantName = "[No Variations]"
Add component (AddParameter): Name = "MFR"; Value = ""; VariantName = "[No Variations]"
Add component (AddParameter): Name = "MFR_URL"; Value = ""; VariantName = "[No Variations]"
Add component (AddParameter): Name = "MPN"; Value = ""; VariantName = "[No Variations]"
Add component (AddParameter): Name = "PinCount"; Value = ""; VariantName = "[No Variations]"
Add component (AddParameter): Name = "Solder"; Value = "NF"; VariantName = "[No Variations]"
Add component (AddParameter): Name = "Value"; Value = ""; VariantName = "[No Variations]"
Added Component: Designator=TP6(Testpoint_50)
Add component (AddParameter): Name = "Category"; Value = ""; VariantName = "[No Variations]"
Add component (AddParameter): Name = "CompanyID"; Value = ""; VariantName = "[No Variations]"
Add component (AddParameter): Name = "MFR"; Value = ""; VariantName = "[No Variations]"
Add component (AddParameter): Name = "MFR_URL"; Value = ""; VariantName = "[No Variations]"
Add component (AddParameter): Name = "MPN"; Value = ""; VariantName = "[No Variations]"
Add component (AddParameter): Name = "PinCount"; Value = ""; VariantName = "[No Variations]"
Add component (AddParameter): Name = "Solder"; Value = "NF"; VariantName = "[No Variations]"
Add component (AddParameter): Name = "Value"; Value = ""; VariantName = "[No Variations]"
Added Component: Designator=TP7(Testpoint_50)
Add component (AddParameter): Name = "Category"; Value = ""; VariantName = "[No Variations]"
Add component (AddParameter): Name = "CompanyID"; Value = ""; VariantName = "[No Variations]"
Add component (AddParameter): Name = "MFR"; Value = ""; VariantName = "[No Variations]"
Add component (AddParameter): Name = "MFR_URL"; Value = ""; VariantName = "[No Variations]"
Add component (AddParameter): Name = "MPN"; Value = ""; VariantName = "[No Variations]"
Add component (AddParameter): Name = "PinCount"; Value = ""; VariantName = "[No Variations]"
Add component (AddParameter): Name = "Solder"; Value = "NF"; VariantName = "[No Variations]"
Add component (AddParameter): Name = "Value"; Value = ""; VariantName = "[No Variations]"
Added Component: Designator=TP8(Testpoint_50)
Add component (AddParameter): Name = "Category"; Value = ""; VariantName = "[No Variations]"
Add component (AddParameter): Name = "CompanyID"; Value = ""; VariantName = "[No Variations]"
Add component (AddParameter): Name = "MFR"; Value = ""; VariantName = "[No Variations]"
Add component (AddParameter): Name = "MFR_URL"; Value = ""; VariantName = "[No Variations]"
Add component (AddParameter): Name = "MPN"; Value = ""; VariantName = "[No Variations]"
Add component (AddParameter): Name = "PinCount"; Value = ""; VariantName = "[No Variations]"
Add component (AddParameter): Name = "Solder"; Value = "NF"; VariantName = "[No Variations]"
Add component (AddParameter): Name = "Value"; Value = ""; VariantName = "[No Variations]"
Added Component: Designator=TP9(Testpoint_50)
Add component (AddParameter): Name = "Category"; Value = ""; VariantName = "[No Variations]"
Add component (AddParameter): Name = "CompanyID"; Value = ""; VariantName = "[No Variations]"
Add component (AddParameter): Name = "MFR"; Value = ""; VariantName = "[No Variations]"
Add component (AddParameter): Name = "MFR_URL"; Value = ""; VariantName = "[No Variations]"
Add component (AddParameter): Name = "MPN"; Value = ""; VariantName = "[No Variations]"
Add component (AddParameter): Name = "PinCount"; Value = ""; VariantName = "[No Variations]"
Add component (AddParameter): Name = "Solder"; Value = "NF"; VariantName = "[No Variations]"
Add component (AddParameter): Name = "Value"; Value = ""; VariantName = "[No Variations]"
Added Component: Designator=TP10(Testpoint_50)
Add component (AddParameter): Name = "Category"; Value = ""; VariantName = "[No Variations]"
Add component (AddParameter): Name = "CompanyID"; Value = ""; VariantName = "[No Variations]"
Add component (AddParameter): Name = "MFR"; Value = ""; VariantName = "[No Variations]"
Add component (AddParameter): Name = "MFR_URL"; Value = ""; VariantName = "[No Variations]"
Add component (AddParameter): Name = "MPN"; Value = ""; VariantName = "[No Variations]"
Add component (AddParameter): Name = "PinCount"; Value = ""; VariantName = "[No Variations]"
Add component (AddParameter): Name = "Solder"; Value = "NF"; VariantName = "[No Variations]"
Add component (AddParameter): Name = "Value"; Value = ""; VariantName = "[No Variations]"
Added Component: Designator=TP11(Testpoint_50)
Add component (AddParameter): Name = "Category"; Value = ""; VariantName = "[No Variations]"
Add component (AddParameter): Name = "CompanyID"; Value = ""; VariantName = "[No Variations]"
Add component (AddParameter): Name = "MFR"; Value = ""; VariantName = "[No Variations]"
Add component (AddParameter): Name = "MFR_URL"; Value = ""; VariantName = "[No Variations]"
Add component (AddParameter): Name = "MPN"; Value = ""; VariantName = "[No Variations]"
Add component (AddParameter): Name = "PinCount"; Value = ""; VariantName = "[No Variations]"
Add component (AddParameter): Name = "Solder"; Value = "NF"; VariantName = "[No Variations]"
Add component (AddParameter): Name = "Value"; Value = ""; VariantName = "[No Variations]"
Added Component: Designator=TP12(Testpoint_50)
Add component (AddParameter): Name = "Category"; Value = ""; VariantName = "[No Variations]"
Add component (AddParameter): Name = "CompanyID"; Value = ""; VariantName = "[No Variations]"
Add component (AddParameter): Name = "MFR"; Value = ""; VariantName = "[No Variations]"
Add component (AddParameter): Name = "MFR_URL"; Value = ""; VariantName = "[No Variations]"
Add component (AddParameter): Name = "MPN"; Value = ""; VariantName = "[No Variations]"
Add component (AddParameter): Name = "PinCount"; Value = ""; VariantName = "[No Variations]"
Add component (AddParameter): Name = "Solder"; Value = "NF"; VariantName = "[No Variations]"
Add component (AddParameter): Name = "Value"; Value = ""; VariantName = "[No Variations]"
Added Component: Designator=TP13(Testpoint_50)
Add component (AddParameter): Name = "Category"; Value = ""; VariantName = "[No Variations]"
Add component (AddParameter): Name = "CompanyID"; Value = ""; VariantName = "[No Variations]"
Add component (AddParameter): Name = "MFR"; Value = ""; VariantName = "[No Variations]"
Add component (AddParameter): Name = "MFR_URL"; Value = ""; VariantName = "[No Variations]"
Add component (AddParameter): Name = "MPN"; Value = ""; VariantName = "[No Variations]"
Add component (AddParameter): Name = "PinCount"; Value = ""; VariantName = "[No Variations]"
Add component (AddParameter): Name = "Solder"; Value = "NF"; VariantName = "[No Variations]"
Add component (AddParameter): Name = "Value"; Value = ""; VariantName = "[No Variations]"
Added Component: Designator=TP14(Testpoint_50)
Add component (AddParameter): Name = "Category"; Value = ""; VariantName = "[No Variations]"
Add component (AddParameter): Name = "CompanyID"; Value = ""; VariantName = "[No Variations]"
Add component (AddParameter): Name = "MFR"; Value = ""; VariantName = "[No Variations]"
Add component (AddParameter): Name = "MFR_URL"; Value = ""; VariantName = "[No Variations]"
Add component (AddParameter): Name = "MPN"; Value = ""; VariantName = "[No Variations]"
Add component (AddParameter): Name = "PinCount"; Value = ""; VariantName = "[No Variations]"
Add component (AddParameter): Name = "Solder"; Value = "NF"; VariantName = "[No Variations]"
Add component (AddParameter): Name = "Value"; Value = ""; VariantName = "[No Variations]"
Added Component: Designator=TP15(Testpoint_50)
Add component (AddParameter): Name = "Category"; Value = ""; VariantName = "[No Variations]"
Add component (AddParameter): Name = "CompanyID"; Value = ""; VariantName = "[No Variations]"
Add component (AddParameter): Name = "MFR"; Value = ""; VariantName = "[No Variations]"
Add component (AddParameter): Name = "MFR_URL"; Value = ""; VariantName = "[No Variations]"
Add component (AddParameter): Name = "MPN"; Value = ""; VariantName = "[No Variations]"
Add component (AddParameter): Name = "PinCount"; Value = ""; VariantName = "[No Variations]"
Add component (AddParameter): Name = "Solder"; Value = "NF"; VariantName = "[No Variations]"
Add component (AddParameter): Name = "Value"; Value = ""; VariantName = "[No Variations]"
Added Component: Designator=TP16(Testpoint_50)
Add component (AddParameter): Name = "Category"; Value = ""; VariantName = "[No Variations]"
Add component (AddParameter): Name = "CompanyID"; Value = ""; VariantName = "[No Variations]"
Add component (AddParameter): Name = "MFR"; Value = ""; VariantName = "[No Variations]"
Add component (AddParameter): Name = "MFR_URL"; Value = ""; VariantName = "[No Variations]"
Add component (AddParameter): Name = "MPN"; Value = ""; VariantName = "[No Variations]"
Add component (AddParameter): Name = "PinCount"; Value = ""; VariantName = "[No Variations]"
Add component (AddParameter): Name = "Solder"; Value = "NF"; VariantName = "[No Variations]"
Add component (AddParameter): Name = "Value"; Value = ""; VariantName = "[No Variations]"
Added Component: Designator=TP17(Testpoint_50)
Add component (AddParameter): Name = "Category"; Value = ""; VariantName = "[No Variations]"
Add component (AddParameter): Name = "CompanyID"; Value = ""; VariantName = "[No Variations]"
Add component (AddParameter): Name = "MFR"; Value = ""; VariantName = "[No Variations]"
Add component (AddParameter): Name = "MFR_URL"; Value = ""; VariantName = "[No Variations]"
Add component (AddParameter): Name = "MPN"; Value = ""; VariantName = "[No Variations]"
Add component (AddParameter): Name = "PinCount"; Value = ""; VariantName = "[No Variations]"
Add component (AddParameter): Name = "Solder"; Value = "NF"; VariantName = "[No Variations]"
Add component (AddParameter): Name = "Value"; Value = ""; VariantName = "[No Variations]"
Added Component: Designator=TP18(Testpoint_50)
Add component (AddParameter): Name = "Category"; Value = ""; VariantName = "[No Variations]"
Add component (AddParameter): Name = "CompanyID"; Value = ""; VariantName = "[No Variations]"
Add component (AddParameter): Name = "MFR"; Value = ""; VariantName = "[No Variations]"
Add component (AddParameter): Name = "MFR_URL"; Value = ""; VariantName = "[No Variations]"
Add component (AddParameter): Name = "MPN"; Value = ""; VariantName = "[No Variations]"
Add component (AddParameter): Name = "PinCount"; Value = ""; VariantName = "[No Variations]"
Add component (AddParameter): Name = "Solder"; Value = "NF"; VariantName = "[No Variations]"
Add component (AddParameter): Name = "Value"; Value = ""; VariantName = "[No Variations]"
Added Component: Designator=TP19(Testpoint_50)
Add component (AddParameter): Name = "Category"; Value = ""; VariantName = "[No Variations]"
Add component (AddParameter): Name = "CompanyID"; Value = ""; VariantName = "[No Variations]"
Add component (AddParameter): Name = "MFR"; Value = ""; VariantName = "[No Variations]"
Add component (AddParameter): Name = "MFR_URL"; Value = ""; VariantName = "[No Variations]"
Add component (AddParameter): Name = "MPN"; Value = ""; VariantName = "[No Variations]"
Add component (AddParameter): Name = "PinCount"; Value = ""; VariantName = "[No Variations]"
Add component (AddParameter): Name = "Solder"; Value = "NF"; VariantName = "[No Variations]"
Add component (AddParameter): Name = "Value"; Value = ""; VariantName = "[No Variations]"
Added Component: Designator=U1(CONV_TPS5430DDAR)
Add component (AddParameter): Name = "Availability"; Value = "In Stock"; VariantName = "[No Variations]"
Add component (AddParameter): Name = "Check_prices"; Value = "https://www.snapeda.com/parts/TPS5430DDAR/Texas+Instruments/view-part/?ref=eda"; VariantName = "[No Variations]"
Add component (AddParameter): Name = "MF"; Value = "Texas Instruments"; VariantName = "[No Variations]"
Add component (AddParameter): Name = "MP"; Value = "TPS5430DDAR"; VariantName = "[No Variations]"
Add component (AddParameter): Name = "Package"; Value = "HSOIC-8 Texas Instruments"; VariantName = "[No Variations]"
Add component (AddParameter): Name = "Price"; Value = "None"; VariantName = "[No Variations]"
Add component (AddParameter): Name = "Purchase-URL"; Value = "https://pricing.snapeda.com/search/part/TPS5430DDAR/?ref=eda"; VariantName = "[No Variations]"
Add component (AddParameter): Name = "SnapEDA_Link"; Value = "https://www.snapeda.com/parts/TPS5430DDAR/Texas+Instruments/view-part/?ref=snap"; VariantName = "[No Variations]"
Add component (AddParameter): Name = "Value"; Value = ""; VariantName = "[No Variations]"
Added Component: Designator=U2(TSSOP14)
Added Component: Designator=U3(TSSOP24)
Added Component: Designator=U4(SOT23-5)
Added Component: Designator=U5(SO8)
Add component (AddParameter): Name = "Value"; Value = "LM358"; VariantName = "[No Variations]"
Added Component: Designator=U6(SOT23-5)
Added Component: Designator=U7(SO8)
Add component (AddParameter): Name = "Value"; Value = "LM358"; VariantName = "[No Variations]"
Added Component: Designator=U8(TSSOP24)
Added Component: Designator=U9(TSSOP24)
Added Component: Designator=U10(TSSOP24)
Added Component: Designator=VR1(VREG_LM1117MP-3.3/NOPB)
Add component (AddParameter): Name = "Check_prices"; Value = "https://www.snapeda.com/parts/LM1117MP-3.3/NOPB/Texas+Instruments/view-part/?ref=eda"; VariantName = "[No Variations]"
Add component (AddParameter): Name = "MF"; Value = "Texas Instruments"; VariantName = "[No Variations]"
Add component (AddParameter): Name = "MP"; Value = "LM1117MP-3.3/NOPB"; VariantName = "[No Variations]"
Add component (AddParameter): Name = "Package"; Value = "SOT-223-4 Texas Instruments"; VariantName = "[No Variations]"
Add component (AddParameter): Name = "SnapEDA_Link"; Value = "https://www.snapeda.com/parts/LM1117MP-3.3/NOPB/Texas+Instruments/view-part/?ref=snap"; VariantName = "[No Variations]"
Add component (AddParameter): Name = "Value"; Value = ""; VariantName = "[No Variations]"
Added Pin To Net: NetName=3V3 Pin=C7-2
Added Pin To Net: NetName=3V3 Pin=C8-2
Added Pin To Net: NetName=3V3 Pin=C16-2
Added Pin To Net: NetName=3V3 Pin=C24-2
Added Pin To Net: NetName=3V3 Pin=C26-2
Added Pin To Net: NetName=3V3 Pin=C44-2
Added Pin To Net: NetName=3V3 Pin=FB1-2
Added Pin To Net: NetName=3V3 Pin=J3-4
Added Pin To Net: NetName=3V3 Pin=R5-2
Added Pin To Net: NetName=3V3 Pin=R8-1
Added Pin To Net: NetName=3V3 Pin=R12-2
Added Pin To Net: NetName=3V3 Pin=R13-2
Added Pin To Net: NetName=3V3 Pin=R38-1
Added Pin To Net: NetName=3V3 Pin=R39-2
Added Pin To Net: NetName=3V3 Pin=R40-2
Added Pin To Net: NetName=3V3 Pin=R41-1
Added Pin To Net: NetName=3V3 Pin=R42-2
Added Pin To Net: NetName=3V3 Pin=R43-1
Added Pin To Net: NetName=3V3 Pin=R44-2
Added Pin To Net: NetName=3V3 Pin=U2-1
Added Pin To Net: NetName=3V3 Pin=VR1-2
Added Pin To Net: NetName=3V3 Pin=VR1-4
Added Net: Name=3V3
Added Pin To Net: NetName=5V Pin=C4-2
Added Pin To Net: NetName=5V Pin=C5-2
Added Pin To Net: NetName=5V Pin=C6-1
Added Pin To Net: NetName=5V Pin=C11-2
Added Pin To Net: NetName=5V Pin=C17-2
Added Pin To Net: NetName=5V Pin=C34-2
Added Pin To Net: NetName=5V Pin=C38-2
Added Pin To Net: NetName=5V Pin=L1-2
Added Pin To Net: NetName=5V Pin=R1-2
Added Pin To Net: NetName=5V Pin=R2-2
Added Pin To Net: NetName=5V Pin=R10-2
Added Pin To Net: NetName=5V Pin=R27-2
Added Pin To Net: NetName=5V Pin=TP1-1
Added Pin To Net: NetName=5V Pin=VR1-3
Added Net: Name=5V
Added Pin To Net: NetName=12V_EXP Pin=C2-2
Added Pin To Net: NetName=12V_EXP Pin=C3-2
Added Pin To Net: NetName=12V_EXP Pin=C10-2
Added Pin To Net: NetName=12V_EXP Pin=C23-2
Added Pin To Net: NetName=12V_EXP Pin=C33-2
Added Pin To Net: NetName=12V_EXP Pin=C43-2
Added Pin To Net: NetName=12V_EXP Pin=C49-2
Added Pin To Net: NetName=12V_EXP Pin=C51-2
Added Pin To Net: NetName=12V_EXP Pin=C53-2
Added Pin To Net: NetName=12V_EXP Pin=C55-2
Added Pin To Net: NetName=12V_EXP Pin=J2-1
Added Pin To Net: NetName=12V_EXP Pin=J3-1
Added Pin To Net: NetName=12V_EXP Pin=R3-1
Added Pin To Net: NetName=12V_EXP Pin=R3-1
Added Pin To Net: NetName=12V_EXP Pin=R21-1
Added Pin To Net: NetName=12V_EXP Pin=R21-1
Added Pin To Net: NetName=12V_EXP Pin=U1-7
Added Pin To Net: NetName=12V_EXP Pin=U3-2
Added Pin To Net: NetName=12V_EXP Pin=U4-5
Added Pin To Net: NetName=12V_EXP Pin=U5-8
Added Pin To Net: NetName=12V_EXP Pin=U6-5
Added Pin To Net: NetName=12V_EXP Pin=U7-8
Added Pin To Net: NetName=12V_EXP Pin=U8-2
Added Pin To Net: NetName=12V_EXP Pin=U9-2
Added Pin To Net: NetName=12V_EXP Pin=U10-2
Added Net: Name=12V_EXP
Added Pin To Net: NetName=DAC_CS Pin=D7-1
Added Pin To Net: NetName=DAC_CS Pin=J2-6
Added Pin To Net: NetName=DAC_CS Pin=R8-2
Added Pin To Net: NetName=DAC_CS Pin=U2-3
Added Net: Name=DAC_CS
Added Pin To Net: NetName=DAC_DRV_EXT Pin=R29-2
Added Pin To Net: NetName=DAC_DRV_EXT Pin=TP8-1
Added Pin To Net: NetName=DAC_DRV_EXT Pin=U2-10
Added Net: Name=DAC_DRV_EXT
Added Pin To Net: NetName=DAC_DRV_INT Pin=C9-2
Added Pin To Net: NetName=DAC_DRV_INT Pin=R14-2
Added Pin To Net: NetName=DAC_DRV_INT Pin=TP7-1
Added Pin To Net: NetName=DAC_DRV_INT Pin=U2-14
Added Net: Name=DAC_DRV_INT
Added Pin To Net: NetName=GND Pin=C2-1
Added Pin To Net: NetName=GND Pin=C3-1
Added Pin To Net: NetName=GND Pin=C4-1
Added Pin To Net: NetName=GND Pin=C5-1
Added Pin To Net: NetName=GND Pin=C6-2
Added Pin To Net: NetName=GND Pin=C7-1
Added Pin To Net: NetName=GND Pin=C8-1
Added Pin To Net: NetName=GND Pin=C12-1
Added Pin To Net: NetName=GND Pin=C14-1
Added Pin To Net: NetName=GND Pin=C15-1
Added Pin To Net: NetName=GND Pin=C19-2
Added Pin To Net: NetName=GND Pin=C20-1
Added Pin To Net: NetName=GND Pin=C27-1
Added Pin To Net: NetName=GND Pin=C28-1
Added Pin To Net: NetName=GND Pin=C29-1
Added Pin To Net: NetName=GND Pin=C30-1
Added Pin To Net: NetName=GND Pin=C31-1
Added Pin To Net: NetName=GND Pin=C32-1
Added Pin To Net: NetName=GND Pin=C35-1
Added Pin To Net: NetName=GND Pin=C36-1
Added Pin To Net: NetName=GND Pin=C40-2
Added Pin To Net: NetName=GND Pin=C45-1
Added Pin To Net: NetName=GND Pin=C46-1
Added Pin To Net: NetName=GND Pin=C47-1
Added Pin To Net: NetName=GND Pin=C48-1
Added Pin To Net: NetName=GND Pin=C50-1
Added Pin To Net: NetName=GND Pin=C52-1
Added Pin To Net: NetName=GND Pin=C54-1
Added Pin To Net: NetName=GND Pin=C56-1
Added Pin To Net: NetName=GND Pin=D2-1
Added Pin To Net: NetName=GND Pin=D3-1
Added Pin To Net: NetName=GND Pin=D4-3
Added Pin To Net: NetName=GND Pin=D5-3
Added Pin To Net: NetName=GND Pin=D6-3
Added Pin To Net: NetName=GND Pin=D7-3
Added Pin To Net: NetName=GND Pin=D8-3
Added Pin To Net: NetName=GND Pin=D9-3
Added Pin To Net: NetName=GND Pin=D10-1
Added Pin To Net: NetName=GND Pin=D11-1
Added Pin To Net: NetName=GND Pin=D12-1
Added Pin To Net: NetName=GND Pin=D13-1
Added Pin To Net: NetName=GND Pin=D14-1
Added Pin To Net: NetName=GND Pin=D15-1
Added Pin To Net: NetName=GND Pin=D16-1
Added Pin To Net: NetName=GND Pin=D17-1
Added Pin To Net: NetName=GND Pin=D18-1
Added Pin To Net: NetName=GND Pin=D19-1
Added Pin To Net: NetName=GND Pin=D20-1
Added Pin To Net: NetName=GND Pin=D21-1
Added Pin To Net: NetName=GND Pin=D22-1
Added Pin To Net: NetName=GND Pin=D23-1
Added Pin To Net: NetName=GND Pin=D24-1
Added Pin To Net: NetName=GND Pin=D25-1
Added Pin To Net: NetName=GND Pin=D26-1
Added Pin To Net: NetName=GND Pin=D27-1
Added Pin To Net: NetName=GND Pin=D28-1
Added Pin To Net: NetName=GND Pin=D29-1
Added Pin To Net: NetName=GND Pin=D30-1
Added Pin To Net: NetName=GND Pin=D31-1
Added Pin To Net: NetName=GND Pin=D32-1
Added Pin To Net: NetName=GND Pin=D33-1
Added Pin To Net: NetName=GND Pin=D34-3
Added Pin To Net: NetName=GND Pin=D35-3
Added Pin To Net: NetName=GND Pin=D36-1
Added Pin To Net: NetName=GND Pin=D37-1
Added Pin To Net: NetName=GND Pin=D38-1
Added Pin To Net: NetName=GND Pin=D39-1
Added Pin To Net: NetName=GND Pin=D40-1
Added Pin To Net: NetName=GND Pin=D41-1
Added Pin To Net: NetName=GND Pin=D42-1
Added Pin To Net: NetName=GND Pin=D43-1
Added Pin To Net: NetName=GND Pin=J2-2
Added Pin To Net: NetName=GND Pin=J3-2
Added Pin To Net: NetName=GND Pin=LD25-3
Added Pin To Net: NetName=GND Pin=LD26-3
Added Pin To Net: NetName=GND Pin=LD27-3
Added Pin To Net: NetName=GND Pin=LD28-3
Added Pin To Net: NetName=GND Pin=LD29-3
Added Pin To Net: NetName=GND Pin=LD30-3
Added Pin To Net: NetName=GND Pin=LD31-3
Added Pin To Net: NetName=GND Pin=LD32-3
Added Pin To Net: NetName=GND Pin=R4-1
Added Pin To Net: NetName=GND Pin=R11-2
Added Pin To Net: NetName=GND Pin=R18-1
Added Pin To Net: NetName=GND Pin=R19-1
Added Pin To Net: NetName=GND Pin=R23-1
Added Pin To Net: NetName=GND Pin=R28-2
Added Pin To Net: NetName=GND Pin=R33-1
Added Pin To Net: NetName=GND Pin=R34-1
Added Pin To Net: NetName=GND Pin=R37-1
Added Pin To Net: NetName=GND Pin=TP15-1
Added Pin To Net: NetName=GND Pin=TP18-1
Added Pin To Net: NetName=GND Pin=TP19-1
Added Pin To Net: NetName=GND Pin=U1-6
Added Pin To Net: NetName=GND Pin=U1-6
Added Pin To Net: NetName=GND Pin=U1-6
Added Pin To Net: NetName=GND Pin=U1-6
Added Pin To Net: NetName=GND Pin=U1-6
Added Pin To Net: NetName=GND Pin=U1-6
Added Pin To Net: NetName=GND Pin=U1-6
Added Pin To Net: NetName=GND Pin=U1-6
Added Pin To Net: NetName=GND Pin=U1-6
Added Pin To Net: NetName=GND Pin=U1-9
Added Pin To Net: NetName=GND Pin=U2-12
Added Pin To Net: NetName=GND Pin=U3-4
Added Pin To Net: NetName=GND Pin=U3-21
Added Pin To Net: NetName=GND Pin=U4-2
Added Pin To Net: NetName=GND Pin=U5-4
Added Pin To Net: NetName=GND Pin=U6-2
Added Pin To Net: NetName=GND Pin=U7-4
Added Pin To Net: NetName=GND Pin=U8-4
Added Pin To Net: NetName=GND Pin=U8-21
Added Pin To Net: NetName=GND Pin=U9-4
Added Pin To Net: NetName=GND Pin=U9-21
Added Pin To Net: NetName=GND Pin=U10-4
Added Pin To Net: NetName=GND Pin=U10-21
Added Pin To Net: NetName=GND Pin=VR1-1
Added Pin To Net: NetName=GND Pin=LD1-2
Added Pin To Net: NetName=GND Pin=LD2-2
Added Pin To Net: NetName=GND Pin=LD3-2
Added Pin To Net: NetName=GND Pin=LD4-2
Added Pin To Net: NetName=GND Pin=LD5-2
Added Pin To Net: NetName=GND Pin=LD6-2
Added Pin To Net: NetName=GND Pin=LD7-2
Added Pin To Net: NetName=GND Pin=LD8-2
Added Pin To Net: NetName=GND Pin=LD9-2
Added Pin To Net: NetName=GND Pin=LD10-2
Added Pin To Net: NetName=GND Pin=LD11-2
Added Pin To Net: NetName=GND Pin=LD12-2
Added Pin To Net: NetName=GND Pin=LD13-2
Added Pin To Net: NetName=GND Pin=LD14-2
Added Pin To Net: NetName=GND Pin=LD15-2
Added Pin To Net: NetName=GND Pin=LD16-2
Added Pin To Net: NetName=GND Pin=LD17-2
Added Pin To Net: NetName=GND Pin=LD18-2
Added Pin To Net: NetName=GND Pin=LD19-2
Added Pin To Net: NetName=GND Pin=LD20-2
Added Pin To Net: NetName=GND Pin=LD21-2
Added Pin To Net: NetName=GND Pin=LD22-2
Added Pin To Net: NetName=GND Pin=LD23-2
Added Pin To Net: NetName=GND Pin=LD24-2
Added Net: Name=GND
Added Pin To Net: NetName=I_LD_EXT Pin=D35-1
Added Pin To Net: NetName=I_LD_EXT Pin=D35-2
Added Pin To Net: NetName=I_LD_EXT Pin=J3-3
Added Pin To Net: NetName=I_LD_EXT Pin=R35-1
Added Pin To Net: NetName=I_LD_EXT Pin=U3-6
Added Pin To Net: NetName=I_LD_EXT Pin=U3-8
Added Pin To Net: NetName=I_LD_EXT Pin=U3-10
Added Pin To Net: NetName=I_LD_EXT Pin=U3-12
Added Pin To Net: NetName=I_LD_EXT Pin=U3-13
Added Pin To Net: NetName=I_LD_EXT Pin=U3-15
Added Pin To Net: NetName=I_LD_EXT Pin=U3-17
Added Pin To Net: NetName=I_LD_EXT Pin=U3-19
Added Net: Name=I_LD_EXT
Added Pin To Net: NetName=I_LD_INT Pin=R20-1
Added Pin To Net: NetName=I_LD_INT Pin=U8-6
Added Pin To Net: NetName=I_LD_INT Pin=U8-8
Added Pin To Net: NetName=I_LD_INT Pin=U8-10
Added Pin To Net: NetName=I_LD_INT Pin=U8-12
Added Pin To Net: NetName=I_LD_INT Pin=U8-13
Added Pin To Net: NetName=I_LD_INT Pin=U8-15
Added Pin To Net: NetName=I_LD_INT Pin=U8-17
Added Pin To Net: NetName=I_LD_INT Pin=U8-19
Added Pin To Net: NetName=I_LD_INT Pin=U9-6
Added Pin To Net: NetName=I_LD_INT Pin=U9-8
Added Pin To Net: NetName=I_LD_INT Pin=U9-10
Added Pin To Net: NetName=I_LD_INT Pin=U9-12
Added Pin To Net: NetName=I_LD_INT Pin=U9-13
Added Pin To Net: NetName=I_LD_INT Pin=U9-15
Added Pin To Net: NetName=I_LD_INT Pin=U9-17
Added Pin To Net: NetName=I_LD_INT Pin=U9-19
Added Pin To Net: NetName=I_LD_INT Pin=U10-6
Added Pin To Net: NetName=I_LD_INT Pin=U10-8
Added Pin To Net: NetName=I_LD_INT Pin=U10-10
Added Pin To Net: NetName=I_LD_INT Pin=U10-12
Added Pin To Net: NetName=I_LD_INT Pin=U10-13
Added Pin To Net: NetName=I_LD_INT Pin=U10-15
Added Pin To Net: NetName=I_LD_INT Pin=U10-17
Added Pin To Net: NetName=I_LD_INT Pin=U10-19
Added Net: Name=I_LD_INT
Added Pin To Net: NetName=I_MO_EXT Pin=C40-1
Added Pin To Net: NetName=I_MO_EXT Pin=D4-1
Added Pin To Net: NetName=I_MO_EXT Pin=D4-2
Added Pin To Net: NetName=I_MO_EXT Pin=J2-11
Added Pin To Net: NetName=I_MO_EXT Pin=R26-2
Added Net: Name=I_MO_EXT
Added Pin To Net: NetName=I_MO_INT Pin=C19-1
Added Pin To Net: NetName=I_MO_INT Pin=D5-1
Added Pin To Net: NetName=I_MO_INT Pin=J2-10
Added Pin To Net: NetName=I_MO_INT Pin=R9-2
Added Net: Name=I_MO_INT
Added Pin To Net: NetName=LATCH Pin=D6-1
Added Pin To Net: NetName=LATCH Pin=J2-7
Added Pin To Net: NetName=LATCH Pin=R13-1
Added Pin To Net: NetName=LATCH Pin=U2-8
Added Net: Name=LATCH
Added Pin To Net: NetName=MISO_LD Pin=D8-1
Added Pin To Net: NetName=MISO_LD Pin=D9-1
Added Pin To Net: NetName=MISO_LD Pin=J2-4
Added Pin To Net: NetName=MISO_LD Pin=J3-7
Added Pin To Net: NetName=MISO_LD Pin=TP3-1
Added Net: Name=MISO_LD
Added Pin To Net: NetName=MOSI_LD Pin=D8-2
Added Pin To Net: NetName=MOSI_LD Pin=D34-1
Added Pin To Net: NetName=MOSI_LD Pin=J2-3
Added Pin To Net: NetName=MOSI_LD Pin=J3-6
Added Pin To Net: NetName=MOSI_LD Pin=TP2-1
Added Pin To Net: NetName=MOSI_LD Pin=TP10-1
Added Pin To Net: NetName=MOSI_LD Pin=U2-5
Added Pin To Net: NetName=MOSI_LD Pin=U3-3
Added Pin To Net: NetName=MOSI_LD Pin=U8-3
Added Net: Name=MOSI_LD
Added Pin To Net: NetName=NetC1_1 Pin=C1-1
Added Pin To Net: NetName=NetC1_1 Pin=L1-1
Added Pin To Net: NetName=NetC1_1 Pin=U1-8
Added Net: Name=NetC1_1
Added Pin To Net: NetName=NetC1_2 Pin=C1-2
Added Pin To Net: NetName=NetC1_2 Pin=U1-1
Added Net: Name=NetC1_2
Added Pin To Net: NetName=NetC9_1 Pin=C9-1
Added Pin To Net: NetName=NetC9_1 Pin=C12-2
Added Net: Name=NetC9_1
Added Pin To Net: NetName=NetC10_1 Pin=C10-1
Added Pin To Net: NetName=NetC10_1 Pin=C14-2
Added Net: Name=NetC10_1
Added Pin To Net: NetName=NetC11_1 Pin=C11-1
Added Pin To Net: NetName=NetC11_1 Pin=C15-2
Added Net: Name=NetC11_1
Added Pin To Net: NetName=NetC13_1 Pin=C13-1
Added Pin To Net: NetName=NetC13_1 Pin=C18-2
Added Pin To Net: NetName=NetC13_1 Pin=R7-2
Added Pin To Net: NetName=NetC13_1 Pin=R19-2
Added Pin To Net: NetName=NetC13_1 Pin=U5-6
Added Net: Name=NetC13_1
Added Pin To Net: NetName=NetC13_2 Pin=C13-2
Added Pin To Net: NetName=NetC13_2 Pin=Q1-2
Added Pin To Net: NetName=NetC13_2 Pin=R6-1
Added Pin To Net: NetName=NetC13_2 Pin=R7-1
Added Net: Name=NetC13_2
Added Pin To Net: NetName=NetC16_1 Pin=C16-1
Added Pin To Net: NetName=NetC16_1 Pin=C20-2
Added Net: Name=NetC16_1
Added Pin To Net: NetName=NetC17_1 Pin=C17-1
Added Pin To Net: NetName=NetC17_1 Pin=Q2-3
Added Pin To Net: NetName=NetC17_1 Pin=R10-1
Added Pin To Net: NetName=NetC17_1 Pin=U5-5
Added Net: Name=NetC17_1
Added Pin To Net: NetName=NetC18_1 Pin=C18-1
Added Pin To Net: NetName=NetC18_1 Pin=R15-2
Added Pin To Net: NetName=NetC18_1 Pin=U5-7
Added Net: Name=NetC18_1
Added Pin To Net: NetName=NetC21_1 Pin=C21-1
Added Pin To Net: NetName=NetC21_1 Pin=C22-1
Added Pin To Net: NetName=NetC21_1 Pin=R22-2
Added Pin To Net: NetName=NetC21_1 Pin=U5-2
Added Net: Name=NetC21_1
Added Pin To Net: NetName=NetC21_2 Pin=C21-2
Added Pin To Net: NetName=NetC21_2 Pin=C22-2
Added Pin To Net: NetName=NetC21_2 Pin=R17-2
Added Pin To Net: NetName=NetC21_2 Pin=U5-1
Added Net: Name=NetC21_2
Added Pin To Net: NetName=NetC23_1 Pin=C23-1
Added Pin To Net: NetName=NetC23_1 Pin=C27-2
Added Net: Name=NetC23_1
Added Pin To Net: NetName=NetC24_1 Pin=C24-1
Added Pin To Net: NetName=NetC24_1 Pin=C28-2
Added Net: Name=NetC24_1
Added Pin To Net: NetName=NetC25_1 Pin=C25-1
Added Pin To Net: NetName=NetC25_1 Pin=C29-2
Added Net: Name=NetC25_1
Added Pin To Net: NetName=NetC26_1 Pin=C26-1
Added Pin To Net: NetName=NetC26_1 Pin=C30-2
Added Net: Name=NetC26_1
Added Pin To Net: NetName=NetC31_2 Pin=C31-2
Added Pin To Net: NetName=NetC31_2 Pin=C32-2
Added Pin To Net: NetName=NetC31_2 Pin=Q2-2
Added Pin To Net: NetName=NetC31_2 Pin=R22-1
Added Pin To Net: NetName=NetC31_2 Pin=R23-2
Added Net: Name=NetC31_2
Added Pin To Net: NetName=NetC33_1 Pin=C33-1
Added Pin To Net: NetName=NetC33_1 Pin=C35-2
Added Net: Name=NetC33_1
Added Pin To Net: NetName=NetC34_1 Pin=C34-1
Added Pin To Net: NetName=NetC34_1 Pin=C36-2
Added Net: Name=NetC34_1
Added Pin To Net: NetName=NetC37_1 Pin=C37-1
Added Pin To Net: NetName=NetC37_1 Pin=C39-2
Added Pin To Net: NetName=NetC37_1 Pin=R25-2
Added Pin To Net: NetName=NetC37_1 Pin=R34-2
Added Pin To Net: NetName=NetC37_1 Pin=U7-6
Added Net: Name=NetC37_1
Added Pin To Net: NetName=NetC37_2 Pin=C37-2
Added Pin To Net: NetName=NetC37_2 Pin=Q3-2
Added Pin To Net: NetName=NetC37_2 Pin=R24-1
Added Pin To Net: NetName=NetC37_2 Pin=R25-1
Added Net: Name=NetC37_2
Added Pin To Net: NetName=NetC38_1 Pin=C38-1
Added Pin To Net: NetName=NetC38_1 Pin=Q4-3
Added Pin To Net: NetName=NetC38_1 Pin=R27-1
Added Pin To Net: NetName=NetC38_1 Pin=U7-5
Added Net: Name=NetC38_1
Added Pin To Net: NetName=NetC39_1 Pin=C39-1
Added Pin To Net: NetName=NetC39_1 Pin=R30-2
Added Pin To Net: NetName=NetC39_1 Pin=U7-7
Added Net: Name=NetC39_1
Added Pin To Net: NetName=NetC41_1 Pin=C41-1
Added Pin To Net: NetName=NetC41_1 Pin=C42-1
Added Pin To Net: NetName=NetC41_1 Pin=R36-2
Added Pin To Net: NetName=NetC41_1 Pin=U7-2
Added Net: Name=NetC41_1
Added Pin To Net: NetName=NetC41_2 Pin=C41-2
Added Pin To Net: NetName=NetC41_2 Pin=C42-2
Added Pin To Net: NetName=NetC41_2 Pin=R32-2
Added Pin To Net: NetName=NetC41_2 Pin=U7-1
Added Net: Name=NetC41_2
Added Pin To Net: NetName=NetC43_1 Pin=C43-1
Added Pin To Net: NetName=NetC43_1 Pin=C45-2
Added Net: Name=NetC43_1
Added Pin To Net: NetName=NetC44_1 Pin=C44-1
Added Pin To Net: NetName=NetC44_1 Pin=C46-2
Added Net: Name=NetC44_1
Added Pin To Net: NetName=NetC47_2 Pin=C47-2
Added Pin To Net: NetName=NetC47_2 Pin=C48-2
Added Pin To Net: NetName=NetC47_2 Pin=Q4-2
Added Pin To Net: NetName=NetC47_2 Pin=R36-1
Added Pin To Net: NetName=NetC47_2 Pin=R37-2
Added Net: Name=NetC47_2
Added Pin To Net: NetName=NetC49_1 Pin=C49-1
Added Pin To Net: NetName=NetC49_1 Pin=C50-2
Added Net: Name=NetC49_1
Added Pin To Net: NetName=NetC51_1 Pin=C51-1
Added Pin To Net: NetName=NetC51_1 Pin=C52-2
Added Net: Name=NetC51_1
Added Pin To Net: NetName=NetC53_1 Pin=C53-1
Added Pin To Net: NetName=NetC53_1 Pin=C54-2
Added Net: Name=NetC53_1
Added Pin To Net: NetName=NetC55_1 Pin=C55-1
Added Pin To Net: NetName=NetC55_1 Pin=C56-2
Added Net: Name=NetC55_1
Added Pin To Net: NetName=NetD2_2 Pin=D2-2
Added Pin To Net: NetName=NetD2_2 Pin=R1-1
Added Net: Name=NetD2_2
Added Pin To Net: NetName=NetD3_2 Pin=D3-2
Added Pin To Net: NetName=NetD3_2 Pin=R5-1
Added Net: Name=NetD3_2
Added Pin To Net: NetName=NetD10_2 Pin=D10-2
Added Pin To Net: NetName=NetD10_2 Pin=LD1-1
Added Pin To Net: NetName=NetD10_2 Pin=U8-5
Added Net: Name=NetD10_2
Added Pin To Net: NetName=NetD11_2 Pin=D11-2
Added Pin To Net: NetName=NetD11_2 Pin=LD2-1
Added Pin To Net: NetName=NetD11_2 Pin=U8-7
Added Net: Name=NetD11_2
Added Pin To Net: NetName=NetD12_2 Pin=D12-2
Added Pin To Net: NetName=NetD12_2 Pin=LD3-1
Added Pin To Net: NetName=NetD12_2 Pin=U8-9
Added Net: Name=NetD12_2
Added Pin To Net: NetName=NetD13_2 Pin=D13-2
Added Pin To Net: NetName=NetD13_2 Pin=LD4-1
Added Pin To Net: NetName=NetD13_2 Pin=U8-11
Added Net: Name=NetD13_2
Added Pin To Net: NetName=NetD14_2 Pin=D14-2
Added Pin To Net: NetName=NetD14_2 Pin=LD5-1
Added Pin To Net: NetName=NetD14_2 Pin=U8-20
Added Net: Name=NetD14_2
Added Pin To Net: NetName=NetD15_2 Pin=D15-2
Added Pin To Net: NetName=NetD15_2 Pin=LD6-1
Added Pin To Net: NetName=NetD15_2 Pin=U8-14
Added Net: Name=NetD15_2
Added Pin To Net: NetName=NetD16_2 Pin=D16-2
Added Pin To Net: NetName=NetD16_2 Pin=LD7-1
Added Pin To Net: NetName=NetD16_2 Pin=U8-18
Added Net: Name=NetD16_2
Added Pin To Net: NetName=NetD17_2 Pin=D17-2
Added Pin To Net: NetName=NetD17_2 Pin=LD8-1
Added Pin To Net: NetName=NetD17_2 Pin=U8-16
Added Net: Name=NetD17_2
Added Pin To Net: NetName=NetD18_2 Pin=D18-2
Added Pin To Net: NetName=NetD18_2 Pin=LD9-1
Added Pin To Net: NetName=NetD18_2 Pin=U9-5
Added Net: Name=NetD18_2
Added Pin To Net: NetName=NetD19_2 Pin=D19-2
Added Pin To Net: NetName=NetD19_2 Pin=LD10-1
Added Pin To Net: NetName=NetD19_2 Pin=U9-7
Added Net: Name=NetD19_2
Added Pin To Net: NetName=NetD20_2 Pin=D20-2
Added Pin To Net: NetName=NetD20_2 Pin=LD11-1
Added Pin To Net: NetName=NetD20_2 Pin=U9-9
Added Net: Name=NetD20_2
Added Pin To Net: NetName=NetD21_2 Pin=D21-2
Added Pin To Net: NetName=NetD21_2 Pin=LD12-1
Added Pin To Net: NetName=NetD21_2 Pin=U9-11
Added Net: Name=NetD21_2
Added Pin To Net: NetName=NetD22_2 Pin=D22-2
Added Pin To Net: NetName=NetD22_2 Pin=LD13-1
Added Pin To Net: NetName=NetD22_2 Pin=U9-20
Added Net: Name=NetD22_2
Added Pin To Net: NetName=NetD23_2 Pin=D23-2
Added Pin To Net: NetName=NetD23_2 Pin=LD14-1
Added Pin To Net: NetName=NetD23_2 Pin=U9-14
Added Net: Name=NetD23_2
Added Pin To Net: NetName=NetD24_2 Pin=D24-2
Added Pin To Net: NetName=NetD24_2 Pin=LD15-1
Added Pin To Net: NetName=NetD24_2 Pin=U9-18
Added Net: Name=NetD24_2
Added Pin To Net: NetName=NetD25_2 Pin=D25-2
Added Pin To Net: NetName=NetD25_2 Pin=LD16-1
Added Pin To Net: NetName=NetD25_2 Pin=U9-16
Added Net: Name=NetD25_2
Added Pin To Net: NetName=NetD26_2 Pin=D26-2
Added Pin To Net: NetName=NetD26_2 Pin=LD17-1
Added Pin To Net: NetName=NetD26_2 Pin=U10-5
Added Net: Name=NetD26_2
Added Pin To Net: NetName=NetD27_2 Pin=D27-2
Added Pin To Net: NetName=NetD27_2 Pin=LD18-1
Added Pin To Net: NetName=NetD27_2 Pin=U10-7
Added Net: Name=NetD27_2
Added Pin To Net: NetName=NetD28_2 Pin=D28-2
Added Pin To Net: NetName=NetD28_2 Pin=LD19-1
Added Pin To Net: NetName=NetD28_2 Pin=U10-9
Added Net: Name=NetD28_2
Added Pin To Net: NetName=NetD29_2 Pin=D29-2
Added Pin To Net: NetName=NetD29_2 Pin=LD20-1
Added Pin To Net: NetName=NetD29_2 Pin=U10-11
Added Net: Name=NetD29_2
Added Pin To Net: NetName=NetD30_2 Pin=D30-2
Added Pin To Net: NetName=NetD30_2 Pin=LD21-1
Added Pin To Net: NetName=NetD30_2 Pin=U10-20
Added Net: Name=NetD30_2
Added Pin To Net: NetName=NetD31_2 Pin=D31-2
Added Pin To Net: NetName=NetD31_2 Pin=LD22-1
Added Pin To Net: NetName=NetD31_2 Pin=U10-14
Added Net: Name=NetD31_2
Added Pin To Net: NetName=NetD32_2 Pin=D32-2
Added Pin To Net: NetName=NetD32_2 Pin=LD23-1
Added Pin To Net: NetName=NetD32_2 Pin=U10-18
Added Net: Name=NetD32_2
Added Pin To Net: NetName=NetD33_2 Pin=D33-2
Added Pin To Net: NetName=NetD33_2 Pin=LD24-1
Added Pin To Net: NetName=NetD33_2 Pin=U10-16
Added Net: Name=NetD33_2
Added Pin To Net: NetName=NetD36_2 Pin=D36-2
Added Pin To Net: NetName=NetD36_2 Pin=LD25-1
Added Pin To Net: NetName=NetD36_2 Pin=U3-5
Added Net: Name=NetD36_2
Added Pin To Net: NetName=NetD37_2 Pin=D37-2
Added Pin To Net: NetName=NetD37_2 Pin=LD26-1
Added Pin To Net: NetName=NetD37_2 Pin=U3-7
Added Net: Name=NetD37_2
Added Pin To Net: NetName=NetD38_2 Pin=D38-2
Added Pin To Net: NetName=NetD38_2 Pin=LD27-1
Added Pin To Net: NetName=NetD38_2 Pin=U3-9
Added Net: Name=NetD38_2
Added Pin To Net: NetName=NetD39_2 Pin=D39-2
Added Pin To Net: NetName=NetD39_2 Pin=LD28-1
Added Pin To Net: NetName=NetD39_2 Pin=TP14-1
Added Pin To Net: NetName=NetD39_2 Pin=U3-20
Added Net: Name=NetD39_2
Added Pin To Net: NetName=NetD40_2 Pin=D40-2
Added Pin To Net: NetName=NetD40_2 Pin=LD29-1
Added Pin To Net: NetName=NetD40_2 Pin=U3-11
Added Net: Name=NetD40_2
Added Pin To Net: NetName=NetD41_2 Pin=D41-2
Added Pin To Net: NetName=NetD41_2 Pin=LD30-1
Added Pin To Net: NetName=NetD41_2 Pin=U3-18
Added Net: Name=NetD41_2
Added Pin To Net: NetName=NetD42_2 Pin=D42-2
Added Pin To Net: NetName=NetD42_2 Pin=LD31-1
Added Pin To Net: NetName=NetD42_2 Pin=U3-14
Added Net: Name=NetD42_2
Added Pin To Net: NetName=NetD43_2 Pin=D43-2
Added Pin To Net: NetName=NetD43_2 Pin=LD32-1
Added Pin To Net: NetName=NetD43_2 Pin=U3-16
Added Net: Name=NetD43_2
Added Pin To Net: NetName=NetQ1_1 Pin=Q1-1
Added Pin To Net: NetName=NetQ1_1 Pin=R16-1
Added Net: Name=NetQ1_1
Added Pin To Net: NetName=NetQ1_3 Pin=Q1-3
Added Pin To Net: NetName=NetQ1_3 Pin=R20-2
Added Net: Name=NetQ1_3
Added Pin To Net: NetName=NetQ2_1 Pin=Q2-1
Added Pin To Net: NetName=NetQ2_1 Pin=R17-1
Added Net: Name=NetQ2_1
Added Pin To Net: NetName=NetQ3_1 Pin=Q3-1
Added Pin To Net: NetName=NetQ3_1 Pin=R31-1
Added Net: Name=NetQ3_1
Added Pin To Net: NetName=NetQ3_3 Pin=Q3-3
Added Pin To Net: NetName=NetQ3_3 Pin=R35-2
Added Net: Name=NetQ3_3
Added Pin To Net: NetName=NetQ4_1 Pin=Q4-1
Added Pin To Net: NetName=NetQ4_1 Pin=R32-1
Added Net: Name=NetQ4_1
Added Pin To Net: NetName=NetR2_1 Pin=R2-1
Added Pin To Net: NetName=NetR2_1 Pin=R4-2
Added Pin To Net: NetName=NetR2_1 Pin=U1-4
Added Net: Name=NetR2_1
Added Pin To Net: NetName=NetR3_2 Pin=R3-2
Added Pin To Net: NetName=NetR3_2 Pin=R3-2
Added Pin To Net: NetName=NetR3_2 Pin=R6-2
Added Net: Name=NetR3_2
Added Pin To Net: NetName=NetR3_3 Pin=R3-3
Added Pin To Net: NetName=NetR3_3 Pin=U4-3
Added Net: Name=NetR3_3
Added Pin To Net: NetName=NetR3_4 Pin=R3-4
Added Pin To Net: NetName=NetR3_4 Pin=U4-4
Added Net: Name=NetR3_4
Added Pin To Net: NetName=NetR9_1 Pin=R9-1
Added Pin To Net: NetName=NetR9_1 Pin=R11-1
Added Pin To Net: NetName=NetR9_1 Pin=U4-1
Added Net: Name=NetR9_1
Added Pin To Net: NetName=NetR12_1 Pin=R12-1
Added Pin To Net: NetName=NetR12_1 Pin=U2-9
Added Net: Name=NetR12_1
Added Pin To Net: NetName=NetR14_1 Pin=R14-1
Added Pin To Net: NetName=NetR14_1 Pin=R18-2
Added Pin To Net: NetName=NetR14_1 Pin=U5-3
Added Net: Name=NetR14_1
Added Pin To Net: NetName=NetR15_1 Pin=R15-1
Added Pin To Net: NetName=NetR15_1 Pin=R16-2
Added Net: Name=NetR15_1
Added Pin To Net: NetName=NetR21_2 Pin=R21-2
Added Pin To Net: NetName=NetR21_2 Pin=R21-2
Added Pin To Net: NetName=NetR21_2 Pin=R24-2
Added Net: Name=NetR21_2
Added Pin To Net: NetName=NetR21_3 Pin=R21-3
Added Pin To Net: NetName=NetR21_3 Pin=U6-3
Added Net: Name=NetR21_3
Added Pin To Net: NetName=NetR21_4 Pin=R21-4
Added Pin To Net: NetName=NetR21_4 Pin=U6-4
Added Net: Name=NetR21_4
Added Pin To Net: NetName=NetR26_1 Pin=R26-1
Added Pin To Net: NetName=NetR26_1 Pin=R28-1
Added Pin To Net: NetName=NetR26_1 Pin=U6-1
Added Net: Name=NetR26_1
Added Pin To Net: NetName=NetR29_1 Pin=R29-1
Added Pin To Net: NetName=NetR29_1 Pin=R33-2
Added Pin To Net: NetName=NetR29_1 Pin=U7-3
Added Net: Name=NetR29_1
Added Pin To Net: NetName=NetR30_1 Pin=R30-1
Added Pin To Net: NetName=NetR30_1 Pin=R31-2
Added Net: Name=NetR30_1
Added Pin To Net: NetName=NetR39_1 Pin=R39-1
Added Pin To Net: NetName=NetR39_1 Pin=U8-23
Added Net: Name=NetR39_1
Added Pin To Net: NetName=NetR40_1 Pin=R40-1
Added Pin To Net: NetName=NetR40_1 Pin=U3-23
Added Net: Name=NetR40_1
Added Pin To Net: NetName=NetR42_1 Pin=R42-1
Added Pin To Net: NetName=NetR42_1 Pin=U9-23
Added Net: Name=NetR42_1
Added Pin To Net: NetName=NetR44_1 Pin=R44-1
Added Pin To Net: NetName=NetR44_1 Pin=U10-23
Added Net: Name=NetR44_1
Added Pin To Net: NetName=NetTP13_1 Pin=TP13-1
Added Pin To Net: NetName=NetTP13_1 Pin=U3-22
Added Net: Name=NetTP13_1
Added Pin To Net: NetName=SCK_LD Pin=D7-2
Added Pin To Net: NetName=SCK_LD Pin=D34-2
Added Pin To Net: NetName=SCK_LD Pin=J2-5
Added Pin To Net: NetName=SCK_LD Pin=J3-5
Added Pin To Net: NetName=SCK_LD Pin=TP4-1
Added Pin To Net: NetName=SCK_LD Pin=TP11-1
Added Pin To Net: NetName=SCK_LD Pin=U2-4
Added Pin To Net: NetName=SCK_LD Pin=U3-1
Added Pin To Net: NetName=SCK_LD Pin=U8-1
Added Pin To Net: NetName=SCK_LD Pin=U9-1
Added Pin To Net: NetName=SCK_LD Pin=U10-1
Added Net: Name=SCK_LD
Added Pin To Net: NetName=SDO_1 Pin=R38-2
Added Pin To Net: NetName=SDO_1 Pin=TP16-1
Added Pin To Net: NetName=SDO_1 Pin=U8-22
Added Pin To Net: NetName=SDO_1 Pin=U9-3
Added Net: Name=SDO_1
Added Pin To Net: NetName=SDO_2 Pin=R41-2
Added Pin To Net: NetName=SDO_2 Pin=TP17-1
Added Pin To Net: NetName=SDO_2 Pin=U9-22
Added Pin To Net: NetName=SDO_2 Pin=U10-3
Added Net: Name=SDO_2
Added Pin To Net: NetName=SDO_3 Pin=R43-2
Added Pin To Net: NetName=SDO_3 Pin=U10-22
Added Net: Name=SDO_3
Added Pin To Net: NetName=SHIELD_1 Pin=H1-1
Added Pin To Net: NetName=SHIELD_1 Pin=H1-1
Added Pin To Net: NetName=SHIELD_1 Pin=H1-1
Added Pin To Net: NetName=SHIELD_1 Pin=H1-1
Added Pin To Net: NetName=SHIELD_1 Pin=H1-1
Added Pin To Net: NetName=SHIELD_1 Pin=H1-1
Added Pin To Net: NetName=SHIELD_1 Pin=H1-1
Added Pin To Net: NetName=SHIELD_1 Pin=H1-1
Added Pin To Net: NetName=SHIELD_1 Pin=H1-1
Added Net: Name=SHIELD_1
Added Pin To Net: NetName=SHIELD_2 Pin=H2-1
Added Pin To Net: NetName=SHIELD_2 Pin=H2-1
Added Pin To Net: NetName=SHIELD_2 Pin=H2-1
Added Pin To Net: NetName=SHIELD_2 Pin=H2-1
Added Pin To Net: NetName=SHIELD_2 Pin=H2-1
Added Pin To Net: NetName=SHIELD_2 Pin=H2-1
Added Pin To Net: NetName=SHIELD_2 Pin=H2-1
Added Pin To Net: NetName=SHIELD_2 Pin=H2-1
Added Pin To Net: NetName=SHIELD_2 Pin=H2-1
Added Net: Name=SHIELD_2
Added Pin To Net: NetName=SHIELD_3 Pin=H3-1
Added Pin To Net: NetName=SHIELD_3 Pin=H3-1
Added Pin To Net: NetName=SHIELD_3 Pin=H3-1
Added Pin To Net: NetName=SHIELD_3 Pin=H3-1
Added Pin To Net: NetName=SHIELD_3 Pin=H3-1
Added Pin To Net: NetName=SHIELD_3 Pin=H3-1
Added Pin To Net: NetName=SHIELD_3 Pin=H3-1
Added Pin To Net: NetName=SHIELD_3 Pin=H3-1
Added Pin To Net: NetName=SHIELD_3 Pin=H3-1
Added Net: Name=SHIELD_3
Added Pin To Net: NetName=SHIELD_4 Pin=H4-1
Added Pin To Net: NetName=SHIELD_4 Pin=H4-1
Added Pin To Net: NetName=SHIELD_4 Pin=H4-1
Added Pin To Net: NetName=SHIELD_4 Pin=H4-1
Added Pin To Net: NetName=SHIELD_4 Pin=H4-1
Added Pin To Net: NetName=SHIELD_4 Pin=H4-1
Added Pin To Net: NetName=SHIELD_4 Pin=H4-1
Added Pin To Net: NetName=SHIELD_4 Pin=H4-1
Added Pin To Net: NetName=SHIELD_4 Pin=H4-1
Added Net: Name=SHIELD_4
Added Pin To Net: NetName=SHIELD_5 Pin=H5-1
Added Pin To Net: NetName=SHIELD_5 Pin=H5-1
Added Pin To Net: NetName=SHIELD_5 Pin=H5-1
Added Pin To Net: NetName=SHIELD_5 Pin=H5-1
Added Pin To Net: NetName=SHIELD_5 Pin=H5-1
Added Pin To Net: NetName=SHIELD_5 Pin=H5-1
Added Pin To Net: NetName=SHIELD_5 Pin=H5-1
Added Pin To Net: NetName=SHIELD_5 Pin=H5-1
Added Pin To Net: NetName=SHIELD_5 Pin=H5-1
Added Net: Name=SHIELD_5
Added Pin To Net: NetName=SHIELD_6 Pin=H6-1
Added Pin To Net: NetName=SHIELD_6 Pin=H6-1
Added Pin To Net: NetName=SHIELD_6 Pin=H6-1
Added Pin To Net: NetName=SHIELD_6 Pin=H6-1
Added Pin To Net: NetName=SHIELD_6 Pin=H6-1
Added Pin To Net: NetName=SHIELD_6 Pin=H6-1
Added Pin To Net: NetName=SHIELD_6 Pin=H6-1
Added Pin To Net: NetName=SHIELD_6 Pin=H6-1
Added Pin To Net: NetName=SHIELD_6 Pin=H6-1
Added Net: Name=SHIELD_6
Added Pin To Net: NetName=SHIELD_7 Pin=H7-1
Added Pin To Net: NetName=SHIELD_7 Pin=H7-1
Added Pin To Net: NetName=SHIELD_7 Pin=H7-1
Added Pin To Net: NetName=SHIELD_7 Pin=H7-1
Added Pin To Net: NetName=SHIELD_7 Pin=H7-1
Added Pin To Net: NetName=SHIELD_7 Pin=H7-1
Added Pin To Net: NetName=SHIELD_7 Pin=H7-1
Added Pin To Net: NetName=SHIELD_7 Pin=H7-1
Added Pin To Net: NetName=SHIELD_7 Pin=H7-1
Added Net: Name=SHIELD_7
Added Pin To Net: NetName=SHIELD_8 Pin=H8-1
Added Pin To Net: NetName=SHIELD_8 Pin=H8-1
Added Pin To Net: NetName=SHIELD_8 Pin=H8-1
Added Pin To Net: NetName=SHIELD_8 Pin=H8-1
Added Pin To Net: NetName=SHIELD_8 Pin=H8-1
Added Pin To Net: NetName=SHIELD_8 Pin=H8-1
Added Pin To Net: NetName=SHIELD_8 Pin=H8-1
Added Pin To Net: NetName=SHIELD_8 Pin=H8-1
Added Pin To Net: NetName=SHIELD_8 Pin=H8-1
Added Net: Name=SHIELD_8
Added Pin To Net: NetName=SHIELD_9 Pin=H9-1
Added Pin To Net: NetName=SHIELD_9 Pin=H9-1
Added Pin To Net: NetName=SHIELD_9 Pin=H9-1
Added Pin To Net: NetName=SHIELD_9 Pin=H9-1
Added Pin To Net: NetName=SHIELD_9 Pin=H9-1
Added Pin To Net: NetName=SHIELD_9 Pin=H9-1
Added Pin To Net: NetName=SHIELD_9 Pin=H9-1
Added Pin To Net: NetName=SHIELD_9 Pin=H9-1
Added Pin To Net: NetName=SHIELD_9 Pin=H9-1
Added Net: Name=SHIELD_9
Added Pin To Net: NetName=SW_EXT_CS Pin=D5-2
Added Pin To Net: NetName=SW_EXT_CS Pin=D9-2
Added Pin To Net: NetName=SW_EXT_CS Pin=J2-9
Added Pin To Net: NetName=SW_EXT_CS Pin=J3-8
Added Pin To Net: NetName=SW_EXT_CS Pin=TP6-1
Added Pin To Net: NetName=SW_EXT_CS Pin=TP12-1
Added Pin To Net: NetName=SW_EXT_CS Pin=U3-24
Added Net: Name=SW_EXT_CS
Added Pin To Net: NetName=SW_INT_CS Pin=D6-2
Added Pin To Net: NetName=SW_INT_CS Pin=J2-8
Added Pin To Net: NetName=SW_INT_CS Pin=TP5-1
Added Pin To Net: NetName=SW_INT_CS Pin=U8-24
Added Pin To Net: NetName=SW_INT_CS Pin=U9-24
Added Pin To Net: NetName=SW_INT_CS Pin=U10-24
Added Net: Name=SW_INT_CS
Added Pin To Net: NetName=VREF_DAC Pin=C25-2
Added Pin To Net: NetName=VREF_DAC Pin=FB1-1
Added Pin To Net: NetName=VREF_DAC Pin=TP9-1
Added Pin To Net: NetName=VREF_DAC Pin=U2-11
Added Pin To Net: NetName=VREF_DAC Pin=U2-13
Added Net: Name=VREF_DAC
Added Class: Name=3_POWER SWITCH AND LDO
Added Class: Name=4_COMMUNICATION
Added Class: Name=5_CURRENT_SOURCE
Added Class: Name=6_SWITCHING
Added Class: Name=POWER
Added Rule: Name=Schematic Supply Nets
Added Rule: Name=Schematic Supply Nets_1
Added Rule: Name=Schematic Supply Nets_2
Added Rule: Name=Schematic Supply Nets_3
Added Rule: Name=Schematic Supply Nets_4
Added Rule: Name=Schematic Supply Nets_5
Added Rule: Name=Schematic Supply Nets_6
