Removed Pin From Net: NetName=NetD36_2 Pin=LD25-1
Removed Pin From Net: NetName=GND Pin=LD25-3
Removed Pin From Net: NetName=NetD37_2 Pin=LD26-1
Removed Pin From Net: NetName=GND Pin=LD26-3
Removed Pin From Net: NetName=NetD38_2 Pin=LD27-1
Removed Pin From Net: NetName=GND Pin=LD27-3
Removed Pin From Net: NetName=NetD39_2 Pin=LD28-1
Removed Pin From Net: NetName=GND Pin=LD28-3
Removed Pin From Net: NetName=NetD40_2 Pin=LD29-1
Removed Pin From Net: NetName=GND Pin=LD29-3
Removed Pin From Net: NetName=NetD41_2 Pin=LD30-1
Removed Pin From Net: NetName=GND Pin=LD30-3
Removed Pin From Net: NetName=NetD42_2 Pin=LD31-1
Removed Pin From Net: NetName=GND Pin=LD31-3
Removed Pin From Net: NetName=NetD43_2 Pin=LD32-1
Removed Pin From Net: NetName=GND Pin=LD32-3
Change Component Footprint: Designator=LD25 Old Footprint=RLD65NZX1 New Footprint=LASER_SOCKET
Change Component Footprint: Designator=LD26 Old Footprint=RLD65NZX1 New Footprint=LASER_SOCKET
Change Component Footprint: Designator=LD27 Old Footprint=RLD65NZX1 New Footprint=LASER_SOCKET
Change Component Footprint: Designator=LD28 Old Footprint=RLD65NZX1 New Footprint=LASER_SOCKET
Change Component Footprint: Designator=LD29 Old Footprint=RLD65NZX1 New Footprint=LASER_SOCKET
Change Component Footprint: Designator=LD30 Old Footprint=RLD65NZX1 New Footprint=LASER_SOCKET
Change Component Footprint: Designator=LD31 Old Footprint=RLD65NZX1 New Footprint=LASER_SOCKET
Change Component Footprint: Designator=LD32 Old Footprint=RLD65NZX1 New Footprint=LASER_SOCKET
Added Pin To Net: NetName=GND Pin=LD25-1
Added Pin To Net: NetName=NetD36_2 Pin=LD25-2
Added Pin To Net: NetName=GND Pin=LD26-1
Added Pin To Net: NetName=NetD37_2 Pin=LD26-2
Added Pin To Net: NetName=GND Pin=LD27-1
Added Pin To Net: NetName=NetD38_2 Pin=LD27-2
Added Pin To Net: NetName=GND Pin=LD28-1
Added Pin To Net: NetName=NetD39_2 Pin=LD28-2
Added Pin To Net: NetName=GND Pin=LD29-1
Added Pin To Net: NetName=NetD40_2 Pin=LD29-2
Added Pin To Net: NetName=GND Pin=LD30-1
Added Pin To Net: NetName=NetD41_2 Pin=LD30-2
Added Pin To Net: NetName=GND Pin=LD31-1
Added Pin To Net: NetName=NetD42_2 Pin=LD31-2
Added Pin To Net: NetName=GND Pin=LD32-1
Added Pin To Net: NetName=NetD43_2 Pin=LD32-2
