Removed Pin From Net: NetName=GND Pin=LD1-2
Removed Pin From Net: NetName=GND Pin=LD2-2
Removed Pin From Net: NetName=GND Pin=LD3-2
Removed Pin From Net: NetName=GND Pin=LD4-2
Removed Pin From Net: NetName=GND Pin=LD5-2
Removed Pin From Net: NetName=GND Pin=LD6-2
Removed Pin From Net: NetName=GND Pin=LD7-2
Removed Pin From Net: NetName=GND Pin=LD8-2
Removed Pin From Net: NetName=GND Pin=LD9-2
Removed Pin From Net: NetName=GND Pin=LD10-2
Removed Pin From Net: NetName=GND Pin=LD11-2
Removed Pin From Net: NetName=GND Pin=LD12-2
Removed Pin From Net: NetName=GND Pin=LD13-2
Removed Pin From Net: NetName=GND Pin=LD14-2
Removed Pin From Net: NetName=GND Pin=LD15-2
Removed Pin From Net: NetName=GND Pin=LD16-2
Removed Pin From Net: NetName=GND Pin=LD17-2
Removed Pin From Net: NetName=GND Pin=LD18-2
Removed Pin From Net: NetName=GND Pin=LD19-2
Removed Pin From Net: NetName=GND Pin=LD20-2
Removed Pin From Net: NetName=GND Pin=LD21-2
Removed Pin From Net: NetName=GND Pin=LD22-2
Removed Pin From Net: NetName=GND Pin=LD23-2
Removed Pin From Net: NetName=GND Pin=LD24-2
Change Component Footprint: Designator=LD1 Old Footprint=LASER_SOCKET New Footprint=OPV302
Change Component Footprint: Designator=LD2 Old Footprint=LASER_SOCKET New Footprint=OPV302
Change Component Footprint: Designator=LD3 Old Footprint=LASER_SOCKET New Footprint=OPV302
Change Component Footprint: Designator=LD4 Old Footprint=LASER_SOCKET New Footprint=OPV302
Change Component Footprint: Designator=LD5 Old Footprint=LASER_SOCKET New Footprint=OPV302
Change Component Footprint: Designator=LD6 Old Footprint=LASER_SOCKET New Footprint=OPV302
Change Component Footprint: Designator=LD7 Old Footprint=LASER_SOCKET New Footprint=OPV302
Change Component Footprint: Designator=LD8 Old Footprint=LASER_SOCKET New Footprint=OPV302
Change Component Footprint: Designator=LD9 Old Footprint=LASER_SOCKET New Footprint=OPV302
Change Component Footprint: Designator=LD10 Old Footprint=LASER_SOCKET New Footprint=OPV302
Change Component Footprint: Designator=LD11 Old Footprint=LASER_SOCKET New Footprint=OPV302
Change Component Footprint: Designator=LD12 Old Footprint=LASER_SOCKET New Footprint=OPV302
Change Component Footprint: Designator=LD13 Old Footprint=LASER_SOCKET New Footprint=OPV302
Change Component Footprint: Designator=LD14 Old Footprint=LASER_SOCKET New Footprint=OPV302
Change Component Footprint: Designator=LD15 Old Footprint=LASER_SOCKET New Footprint=OPV302
Change Component Footprint: Designator=LD16 Old Footprint=LASER_SOCKET New Footprint=OPV302
Change Component Footprint: Designator=LD17 Old Footprint=LASER_SOCKET New Footprint=OPV302
Change Component Footprint: Designator=LD18 Old Footprint=LASER_SOCKET New Footprint=OPV302
Change Component Footprint: Designator=LD19 Old Footprint=LASER_SOCKET New Footprint=OPV302
Change Component Footprint: Designator=LD20 Old Footprint=LASER_SOCKET New Footprint=OPV302
Change Component Footprint: Designator=LD21 Old Footprint=LASER_SOCKET New Footprint=OPV302
Change Component Footprint: Designator=LD22 Old Footprint=LASER_SOCKET New Footprint=OPV302
Change Component Footprint: Designator=LD23 Old Footprint=LASER_SOCKET New Footprint=OPV302
Change Component Footprint: Designator=LD24 Old Footprint=LASER_SOCKET New Footprint=OPV302
Added Pin To Net: NetName=GND Pin=LD1-3
Added Pin To Net: NetName=GND Pin=LD2-3
Added Pin To Net: NetName=GND Pin=LD3-3
Added Pin To Net: NetName=GND Pin=LD4-3
Added Pin To Net: NetName=GND Pin=LD5-3
Added Pin To Net: NetName=GND Pin=LD6-3
Added Pin To Net: NetName=GND Pin=LD7-3
Added Pin To Net: NetName=GND Pin=LD8-3
Added Pin To Net: NetName=GND Pin=LD9-3
Added Pin To Net: NetName=GND Pin=LD10-3
Added Pin To Net: NetName=GND Pin=LD11-3
Added Pin To Net: NetName=GND Pin=LD12-3
Added Pin To Net: NetName=GND Pin=LD13-3
Added Pin To Net: NetName=GND Pin=LD14-3
Added Pin To Net: NetName=GND Pin=LD15-3
Added Pin To Net: NetName=GND Pin=LD16-3
Added Pin To Net: NetName=GND Pin=LD17-3
Added Pin To Net: NetName=GND Pin=LD18-3
Added Pin To Net: NetName=GND Pin=LD19-3
Added Pin To Net: NetName=GND Pin=LD20-3
Added Pin To Net: NetName=GND Pin=LD21-3
Added Pin To Net: NetName=GND Pin=LD22-3
Added Pin To Net: NetName=GND Pin=LD23-3
Added Pin To Net: NetName=GND Pin=LD24-3
Added Pin To Net: NetName=NetD36_2 Pin=LD25-1
Added Pin To Net: NetName=GND Pin=LD25-3
Added Pin To Net: NetName=NetD38_2 Pin=LD27-1
Added Pin To Net: NetName=GND Pin=LD27-3
Added Pin To Net: NetName=NetD40_2 Pin=LD29-1
Added Pin To Net: NetName=GND Pin=LD29-3
Added Pin To Net: NetName=NetD42_2 Pin=LD31-1
Added Pin To Net: NetName=GND Pin=LD31-3
Added Member To Class: ClassName=6_SWITCHING Member=Component LD25 LaserDiode
Added Member To Class: ClassName=6_SWITCHING Member=Component LD27 LaserDiode
Added Member To Class: ClassName=6_SWITCHING Member=Component LD29 LaserDiode
Added Member To Class: ClassName=6_SWITCHING Member=Component LD31 LaserDiode
