Removed Pin From Net: NetName=I_MO_EXT Pin=D4-1
Removed Pin From Net: NetName=I_MO_EXT Pin=D4-2
Removed Pin From Net: NetName=MISO_LD Pin=D9-1
Removed Pin From Net: NetName=SW_EXT_CS Pin=D9-2
Removed Pin From Net: NetName=MOSI_LD Pin=D34-1
Removed Pin From Net: NetName=SCK_LD Pin=D34-2
Removed Pin From Net: NetName=I_LD_EXT Pin=D35-1
Removed Pin From Net: NetName=I_LD_EXT Pin=D35-2
Removed Pin From Net: NetName=MOSI_LD Pin=J2-3
Removed Pin From Net: NetName=MISO_LD Pin=J2-4
Removed Pin From Net: NetName=SCK_LD Pin=J2-5
Removed Pin From Net: NetName=DAC_CS Pin=J2-6
Removed Pin From Net: NetName=LATCH Pin=J2-7
Removed Pin From Net: NetName=SW_INT_CS Pin=J2-8
Removed Pin From Net: NetName=SW_EXT_CS Pin=J2-9
Removed Pin From Net: NetName=I_MO_INT Pin=J2-10
Removed Pin From Net: NetName=12V_EXP Pin=J3-1
Removed Pin From Net: NetName=GND Pin=J3-2
Removed Pin From Net: NetName=I_LD_EXT Pin=J3-3
Removed Pin From Net: NetName=3V3 Pin=J3-4
Removed Pin From Net: NetName=SCK_LD Pin=J3-5
Removed Pin From Net: NetName=MOSI_LD Pin=J3-6
Removed Pin From Net: NetName=MISO_LD Pin=J3-7
Removed Pin From Net: NetName=SW_EXT_CS Pin=J3-8
Removed Pin From Net: NetName=DAC_DRV_EXT Pin=TP8-1
Removed Pin From Net: NetName=MOSI_LD Pin=TP10-1
Removed Pin From Net: NetName=SCK_LD Pin=TP11-1
Removed Pin From Net: NetName=DAC_DRV_EXT Pin=U2-10
Removed Pin From Net: NetName=SCK_LD Pin=U3-1
Removed Pin From Net: NetName=MOSI_LD Pin=U3-3
Removed Member From Class: ClassName=4_COMMUNICATION Member=J3
Change Comment: Unknown Component : J2
Change component parameters: Component "J2" not found
Added Component: Designator=C58(CAP_C_1608X80)
Added Component: Designator=C59(CAP_C_1608X80)
Added Component: Designator=C60(CAP_C_1608X80)
Added Component: Designator=C61(CAP_C_1608X80)
Added Component: Designator=C62(CAP_C_1608X80)
Added Component: Designator=D44(SOT23-3-132)
Added Component: Designator=FB2(IND_C_1608X60)
Added Component: Designator=R45(RES_C_1608X60)
Added Component: Designator=R46(RES_C_1608X60)
Added Component: Designator=R47(RES_C_1608X60)
Added Component: Designator=TP20(Testpoint_50)
Add component (AddParameter): Name = "Category"; Value = ""; VariantName = "[No Variations]"
Add component (AddParameter): Name = "CompanyID"; Value = ""; VariantName = "[No Variations]"
Add component (AddParameter): Name = "MFR"; Value = ""; VariantName = "[No Variations]"
Add component (AddParameter): Name = "MFR_URL"; Value = ""; VariantName = "[No Variations]"
Add component (AddParameter): Name = "MPN"; Value = ""; VariantName = "[No Variations]"
Add component (AddParameter): Name = "PinCount"; Value = ""; VariantName = "[No Variations]"
Add component (AddParameter): Name = "Solder"; Value = "NF"; VariantName = "[No Variations]"
Add component (AddParameter): Name = "Value"; Value = ""; VariantName = "[No Variations]"
Added Component: Designator=TP21(Testpoint_50)
Add component (AddParameter): Name = "Category"; Value = ""; VariantName = "[No Variations]"
Add component (AddParameter): Name = "CompanyID"; Value = ""; VariantName = "[No Variations]"
Add component (AddParameter): Name = "MFR"; Value = ""; VariantName = "[No Variations]"
Add component (AddParameter): Name = "MFR_URL"; Value = ""; VariantName = "[No Variations]"
Add component (AddParameter): Name = "MPN"; Value = ""; VariantName = "[No Variations]"
Add component (AddParameter): Name = "PinCount"; Value = ""; VariantName = "[No Variations]"
Add component (AddParameter): Name = "Solder"; Value = "NF"; VariantName = "[No Variations]"
Add component (AddParameter): Name = "Value"; Value = ""; VariantName = "[No Variations]"
Added Component: Designator=TP22(Testpoint_50)
Add component (AddParameter): Name = "Category"; Value = ""; VariantName = "[No Variations]"
Add component (AddParameter): Name = "CompanyID"; Value = ""; VariantName = "[No Variations]"
Add component (AddParameter): Name = "MFR"; Value = ""; VariantName = "[No Variations]"
Add component (AddParameter): Name = "MFR_URL"; Value = ""; VariantName = "[No Variations]"
Add component (AddParameter): Name = "MPN"; Value = ""; VariantName = "[No Variations]"
Add component (AddParameter): Name = "PinCount"; Value = ""; VariantName = "[No Variations]"
Add component (AddParameter): Name = "Solder"; Value = "NF"; VariantName = "[No Variations]"
Add component (AddParameter): Name = "Value"; Value = ""; VariantName = "[No Variations]"
Added Component: Designator=U12(TSSOP14)
Added Pin To Net: NetName=GND Pin=C58-1
Added Pin To Net: NetName=3V3 Pin=C58-2
Added Pin To Net: NetName=VREF_DAC Pin=C59-2
Added Pin To Net: NetName=3V3 Pin=C60-2
Added Pin To Net: NetName=GND Pin=C61-1
Added Pin To Net: NetName=GND Pin=C62-1
Added Pin To Net: NetName=I_MO_EXT Pin=D9-1
Added Pin To Net: NetName=I_MO_EXT Pin=D9-2
Added Pin To Net: NetName=GND Pin=D36-1
Added Pin To Net: NetName=GND Pin=D37-1
Added Pin To Net: NetName=GND Pin=D41-1
Added Pin To Net: NetName=GND Pin=D43-1
Added Pin To Net: NetName=GND Pin=D44-3
Added Pin To Net: NetName=VREF_DAC Pin=FB2-1
Added Pin To Net: NetName=3V3 Pin=FB2-2
Add Pin To Net: Unknown Pin: Pin J1-1
Add Pin To Net: Unknown Pin: Pin J1-2
Add Pin To Net: Unknown Pin: Pin J1-3
Add Pin To Net: Unknown Pin: Pin J1-4
Add Pin To Net: Unknown Pin: Pin J1-5
Add Pin To Net: Unknown Pin: Pin J1-6
Add Pin To Net: Unknown Pin: Pin J1-7
Add Pin To Net: Unknown Pin: Pin J1-8
Add Pin To Net: Unknown Pin: Pin J1-9
Add Pin To Net: Unknown Pin: Pin J1-10
Add Pin To Net: Unknown Pin: Pin J1-M1
Add Pin To Net: Unknown Pin: Pin J1-M2
Add Pin To Net: Unknown Pin: Pin J2-M1
Add Pin To Net: Unknown Pin: Pin J2-M2
Added Pin To Net: NetName=3V3 Pin=R45-1
Added Pin To Net: NetName=3V3 Pin=R46-2
Added Pin To Net: NetName=3V3 Pin=R47-2
Added Pin To Net: NetName=DAC_DRV_EXT Pin=TP20-1
Added Pin To Net: NetName=VREF_DAC Pin=TP22-1
Added Pin To Net: NetName=3V3 Pin=U12-1
Added Pin To Net: NetName=VREF_DAC Pin=U12-11
Added Pin To Net: NetName=GND Pin=U12-12
Added Pin To Net: NetName=VREF_DAC Pin=U12-13
Added Pin To Net: NetName=DAC_DRV_EXT Pin=U12-14
Change Net Name : Old Net Name=I_MO_EXT New Net Name=EXT_LASER_DAC
Added Pin To Net: NetName=EXT_LASER_DAC_LATCH Pin=D34-2
Added Pin To Net: NetName=EXT_LASER_DAC_LATCH Pin=R47-1
Added Pin To Net: NetName=EXT_LASER_DAC_LATCH Pin=U12-8
Added Net: Name=EXT_LASER_DAC_LATCH
Added Pin To Net: NetName=EXT_LASER_DAC_nCS1 Pin=D34-1
Added Net: Name=EXT_LASER_DAC_nCS1
Added Pin To Net: NetName=EXT_LASER_DAC_nCS Pin=D35-1
Added Pin To Net: NetName=EXT_LASER_DAC_nCS Pin=R45-2
Added Pin To Net: NetName=EXT_LASER_DAC_nCS Pin=U12-3
Added Net: Name=EXT_LASER_DAC_nCS
Added Pin To Net: NetName=EXT_LASER_SPI_MISO Pin=D44-1
Added Net: Name=EXT_LASER_SPI_MISO
Added Pin To Net: NetName=EXT_LASER_SPI_MOSI Pin=D44-2
Added Pin To Net: NetName=EXT_LASER_SPI_MOSI Pin=TP10-1
Added Pin To Net: NetName=EXT_LASER_SPI_MOSI Pin=U3-3
Added Pin To Net: NetName=EXT_LASER_SPI_MOSI Pin=U12-5
Added Net: Name=EXT_LASER_SPI_MOSI
Added Pin To Net: NetName=EXT_LASER_SPI_SCK Pin=D35-2
Added Pin To Net: NetName=EXT_LASER_SPI_SCK Pin=TP11-1
Added Pin To Net: NetName=EXT_LASER_SPI_SCK Pin=U3-1
Added Pin To Net: NetName=EXT_LASER_SPI_SCK Pin=U12-4
Added Net: Name=EXT_LASER_SPI_SCK
Added Pin To Net: NetName=I_MO_EXT Pin=D4-1
Added Pin To Net: NetName=I_MO_EXT Pin=D4-2
Added Net: Name=I_MO_EXT
Added Pin To Net: NetName=NetC59_1 Pin=C59-1
Added Pin To Net: NetName=NetC59_1 Pin=C61-2
Added Net: Name=NetC59_1
Added Pin To Net: NetName=NetC60_1 Pin=C60-1
Added Pin To Net: NetName=NetC60_1 Pin=C62-2
Added Net: Name=NetC60_1
Added Pin To Net: NetName=NetR46_1 Pin=R46-1
Added Pin To Net: NetName=NetR46_1 Pin=U12-9
Added Net: Name=NetR46_1
Added Pin To Net: NetName=NetTP8_1 Pin=TP8-1
Added Pin To Net: NetName=NetTP8_1 Pin=U2-10
Added Net: Name=NetTP8_1
Added Pin To Net: NetName=NetTP21_1 Pin=TP21-1
Added Pin To Net: NetName=NetTP21_1 Pin=U12-10
Added Net: Name=NetTP21_1
Added Member To Class: ClassName=5_CURRENT_SOURCE Member=Component C58 0.22uF/25V
Added Member To Class: ClassName=5_CURRENT_SOURCE Member=Component C59 0.22uF/25V
Added Member To Class: ClassName=5_CURRENT_SOURCE Member=Component C60 0.22uF/25V
Added Member To Class: ClassName=5_CURRENT_SOURCE Member=Component C61 0.22uF/25V
Added Member To Class: ClassName=5_CURRENT_SOURCE Member=Component C62 0.22uF/25V
Added Member To Class: ClassName=6_SWITCHING Member=Component D36 1N4148W-TP
Added Member To Class: ClassName=6_SWITCHING Member=Component D37 1N4148W-TP
Added Member To Class: ClassName=6_SWITCHING Member=Component D41 1N4148W-TP
Added Member To Class: ClassName=6_SWITCHING Member=Component D43 1N4148W-TP
Added Member To Class: ClassName=4_COMMUNICATION Member=Component D44 S2303
Added Member To Class: ClassName=5_CURRENT_SOURCE Member=Component FB2 BLM18PG121SN1D
Add Class Member: Failed to add class member : Component J1 HEADER
Added Member To Class: ClassName=5_CURRENT_SOURCE Member=Component R45 4.7k
Added Member To Class: ClassName=5_CURRENT_SOURCE Member=Component R46 4.7k
Added Member To Class: ClassName=5_CURRENT_SOURCE Member=Component R47 4.7k
Added Member To Class: ClassName=5_CURRENT_SOURCE Member=Component TP20
Added Member To Class: ClassName=5_CURRENT_SOURCE Member=Component TP21
Added Member To Class: ClassName=5_CURRENT_SOURCE Member=Component TP22
Added Member To Class: ClassName=5_CURRENT_SOURCE Member=Component U12 MCP4902-E/ST
