Added Component: Designator=J1(MOLEX_0532611171)
Added Component: Designator=J2(MOLEX_0532611171)
Added Pin To Net: NetName=12V_EXP Pin=J1-1
Added Pin To Net: NetName=GND Pin=J1-2
Added Pin To Net: NetName=MOSI_LD Pin=J1-3
Added Pin To Net: NetName=MISO_LD Pin=J1-4
Added Pin To Net: NetName=SCK_LD Pin=J1-5
Added Pin To Net: NetName=DAC_CS Pin=J1-6
Added Pin To Net: NetName=LATCH Pin=J1-7
Added Pin To Net: NetName=SW_INT_CS Pin=J1-8
Added Pin To Net: NetName=SW_EXT_CS Pin=J1-9
Added Pin To Net: NetName=I_MO_INT Pin=J1-10
Added Pin To Net: NetName=I_MO_EXT Pin=J1-11
Added Pin To Net: NetName=GND Pin=J1-M1
Added Pin To Net: NetName=GND Pin=J1-M2
Added Pin To Net: NetName=12V_EXP Pin=J2-1
Added Pin To Net: NetName=GND Pin=J2-2
Added Pin To Net: NetName=EXT_LASER_SPI_MOSI Pin=J2-3
Added Pin To Net: NetName=EXT_LASER_SPI_MISO Pin=J2-4
Added Pin To Net: NetName=EXT_LASER_SPI_SCK Pin=J2-5
Added Pin To Net: NetName=EXT_LASER_DAC_nCS Pin=J2-6
Added Pin To Net: NetName=EXT_LASER_DAC_LATCH Pin=J2-7
Added Pin To Net: NetName=EXT_LASER_DAC_nCS1 Pin=J2-9
Added Pin To Net: NetName=EXT_LASER_DAC Pin=J2-11
Added Pin To Net: NetName=GND Pin=J2-M1
Added Pin To Net: NetName=GND Pin=J2-M2
Added Member To Class: ClassName=4_COMMUNICATION Member=Component J1 0532611171
Added Member To Class: ClassName=4_COMMUNICATION Member=Component J2 0532611171
