Removed Pin From Net: NetName=12V_EXP Pin=C5-1
Removed Pin From Net: NetName=12V_EXP Pin=C6-1
Removed Pin From Net: NetName=5V Pin=C8-1
Removed Pin From Net: NetName=GND Pin=C8-2
Removed Pin From Net: NetName=5V Pin=C20-1
Removed Pin From Net: NetName=GND Pin=C20-2
Removed Pin From Net: NetName=GND Pin=C24-1
Removed Pin From Net: NetName=5V Pin=C27-2
Removed Pin From Net: NetName=3V3 Pin=C28-2
Removed Pin From Net: NetName=3V3 Pin=C35-1
Removed Pin From Net: NetName=GND Pin=C35-2
Removed Pin From Net: NetName=3V3 Pin=C36-1
Removed Pin From Net: NetName=GND Pin=C36-2
Removed Pin From Net: NetName=GND Pin=C44-1
Removed Pin From Net: NetName=GND Pin=C45-1
Removed Pin From Net: NetName=5V Pin=C46-1
Removed Pin From Net: NetName=GND Pin=C46-2
Removed Pin From Net: NetName=5V Pin=C57-1
Removed Pin From Net: NetName=GND Pin=C57-2
Removed Pin From Net: NetName=5V Pin=U11-1
Removed Pin From Net: NetName=5V Pin=U11-2
Removed Pin From Net: NetName=GND Pin=U11-3
Removed Pin From Net: NetName=3V3 Pin=U11-4
Removed Pin From Net: NetName=3V3 Pin=U11-5
Removed Pin From Net: NetName=GND Pin=U11-6
Removed Member From Class: ClassName=3_POWER SWITCH AND LDO Member=C20
Removed Member From Class: ClassName=3_POWER SWITCH AND LDO Member=C24
Removed Member From Class: ClassName=3_POWER SWITCH AND LDO Member=C27
Removed Member From Class: ClassName=3_POWER SWITCH AND LDO Member=C28
Removed Member From Class: ClassName=3_POWER SWITCH AND LDO Member=C35
Removed Member From Class: ClassName=3_POWER SWITCH AND LDO Member=C36
Removed Member From Class: ClassName=3_POWER SWITCH AND LDO Member=C44
Removed Member From Class: ClassName=3_POWER SWITCH AND LDO Member=C45
Removed Member From Class: ClassName=3_POWER SWITCH AND LDO Member=C46
Removed Member From Class: ClassName=3_POWER SWITCH AND LDO Member=C57
Removed Member From Class: ClassName=3_POWER SWITCH AND LDO Member=U11
Change Component Footprint: Designator=C7 Old Footprint=CAP_C_1608X80 New Footprint=CAP_C_3225X80
Change Component Footprint: Designator=C6 Old Footprint=CAP TANT 2312 New Footprint=CAP_C_2012X110
Change Component Footprint: Designator=C3 Old Footprint=CAP TANT 2312 New Footprint=CAP_C_3225X80
Change Component Footprint: Designator=C5 Old Footprint=CAP TANT 2312 New Footprint=CAP_C_3225X80
Change Component Footprint: Designator=C8 Old Footprint=CAP TANT 2312 New Footprint=CAP_C_3225X80
Change Component Comment : Designator=C2 Old Comment=0.22uF/25V New Comment=1uF/20V
Change Component Comment : Designator=C4 Old Comment=0.22uF/25V New Comment=1uF/20V
Change Component Comment : Designator=C7 Old Comment=0.22uF/25V New Comment=47uF/25V
Change Component Comment : Designator=C6 Old Comment=47uF/20V New Comment=10uF/20V
Change Component Comment : Designator=C3 Old Comment=47uF/20V New Comment=47uF/25V
Change Component Comment : Designator=C5 Old Comment=47uF/20V New Comment=47uF/25V
Change Component Comment : Designator=C8 Old Comment=47uF/20V New Comment=47uF/25V
Change component parameters: Designator = "C3" ("C3"); Footprint = "CAP TANT 2312"; UniqueID = "\ECNYRKUZ" ("\ECNYRKUZ")
Change component parameters: Designator = "C5" ("C5"); Footprint = "CAP TANT 2312"; UniqueID = "\SPEIDGVX" ("\SPEIDGVX")
Change component parameters: Designator = "C6" ("C6"); Footprint = "CAP TANT 2312"; UniqueID = "\GZNXBPNU" ("\GZNXBPNU")
Change component parameters: Designator = "C8" ("C8"); Footprint = "CAP TANT 2312"; UniqueID = "\PDDUHBGW" ("\PDDUHBGW")
Added Component: Designator=VR1(VREG_LM1117MP-3.3/NOPB)
Add component (AddParameter): Name = "Check_prices"; Value = "https://www.snapeda.com/parts/LM1117MP-3.3/NOPB/Texas+Instruments/view-part/?ref=eda"; VariantName = "[No Variations]"
Add component (AddParameter): Name = "MF"; Value = "Texas Instruments"; VariantName = "[No Variations]"
Add component (AddParameter): Name = "MP"; Value = "LM1117MP-3.3/NOPB"; VariantName = "[No Variations]"
Add component (AddParameter): Name = "Package"; Value = "SOT-223-4 Texas Instruments"; VariantName = "[No Variations]"
Add component (AddParameter): Name = "SnapEDA_Link"; Value = "https://www.snapeda.com/parts/LM1117MP-3.3/NOPB/Texas+Instruments/view-part/?ref=snap"; VariantName = "[No Variations]"
Add component (AddParameter): Name = "Value"; Value = ""; VariantName = "[No Variations]"
Added Pin To Net: NetName=GND Pin=C2-1
Added Pin To Net: NetName=GND Pin=C4-1
Added Pin To Net: NetName=5V Pin=C5-1
Added Pin To Net: NetName=5V Pin=C6-1
Added Pin To Net: NetName=3V3 Pin=C7-2
Added Pin To Net: NetName=GND Pin=C8-1
Added Pin To Net: NetName=3V3 Pin=C8-2
Added Pin To Net: NetName=GND Pin=VR1-1
Added Pin To Net: NetName=3V3 Pin=VR1-2
Added Pin To Net: NetName=5V Pin=VR1-3
Added Pin To Net: NetName=3V3 Pin=VR1-4
Added Member To Class: ClassName=3_POWER SWITCH AND LDO Member=Component VR1 LM1117MP-3.3/NOPB
Added Member To Class: ClassName=POWER Member=Wire 3V3
